{"contracts\\interfaces\\IIOUToken.sol":{"l":{},"path":"D:\\NAPA\\Blockchain\\RebakedDAO\\buildsmartcontract\\contracts\\interfaces\\IIOUToken.sol","s":{},"b":{},"f":{},"fnMap":{},"statementMap":{},"branchMap":{}},"contracts\\interfaces\\IReBakedDAO.sol":{"l":{},"path":"D:\\NAPA\\Blockchain\\RebakedDAO\\buildsmartcontract\\contracts\\interfaces\\IReBakedDAO.sol","s":{},"b":{},"f":{},"fnMap":{},"statementMap":{},"branchMap":{}},"contracts\\interfaces\\ITokenFactory.sol":{"l":{},"path":"D:\\NAPA\\Blockchain\\RebakedDAO\\buildsmartcontract\\contracts\\interfaces\\ITokenFactory.sol","s":{},"b":{},"f":{},"fnMap":{},"statementMap":{},"branchMap":{}},"contracts\\IOUToken.sol":{"l":{"10":396,"16":3},"path":"D:\\NAPA\\Blockchain\\RebakedDAO\\buildsmartcontract\\contracts\\IOUToken.sol","s":{"1":396,"2":3},"b":{},"f":{"1":396,"2":3},"fnMap":{"1":{"name":"constructor","line":8,"loc":{"start":{"line":7,"column":1},"end":{"line":11,"column":1}}},"2":{"name":"burn","line":13,"loc":{"start":{"line":13,"column":1},"end":{"line":17,"column":1}}}},"statementMap":{"1":{"start":{"line":10,"column":2},"end":{"line":10,"column":33}},"2":{"start":{"line":16,"column":2},"end":{"line":16,"column":27}}},"branchMap":{}},"contracts\\libraries\\CollaboratorLibrary.sol":{"l":{"10":160,"11":154,"21":153,"22":152,"26":2,"27":2,"31":1,"32":1,"33":1,"34":1,"42":91,"43":90,"44":90,"53":15,"54":14,"62":6,"63":5,"64":4,"65":4,"73":2,"74":1,"75":1,"76":0,"77":0,"86":7,"87":6,"88":6,"89":4,"90":4,"94":25,"95":22,"96":22,"104":5,"105":5,"106":4,"107":3},"path":"D:\\NAPA\\Blockchain\\RebakedDAO\\buildsmartcontract\\contracts\\libraries\\CollaboratorLibrary.sol","s":{"1":160,"2":153,"3":152,"4":2,"5":2,"6":1,"7":1,"8":1,"9":1,"10":91,"11":90,"12":90,"13":15,"14":14,"15":6,"16":5,"17":4,"18":4,"19":2,"20":1,"21":1,"22":0,"23":0,"24":7,"25":6,"26":6,"27":4,"28":4,"29":25,"30":22,"31":22,"32":5,"33":5,"34":4,"35":3},"b":{"1":[154,6],"2":[152,1],"3":[90,1],"4":[14,1],"5":[5,1],"6":[4,1],"7":[4,0],"8":[1,1],"9":[0,1],"10":[6,1],"11":[6,0],"12":[4,2],"13":[22,3],"14":[5,0],"15":[4,1],"16":[3,1]},"f":{"1":160,"2":153,"3":2,"4":1,"5":91,"6":15,"7":6,"8":2,"9":7,"10":25,"11":5},"fnMap":{"1":{"name":"onlyExistingCollaborator","line":9,"loc":{"start":{"line":9,"column":4},"end":{"line":12,"column":4}}},"2":{"name":"_addCollaborator","line":20,"loc":{"start":{"line":20,"column":4},"end":{"line":23,"column":4}}},"3":{"name":"_removeCollaboratorByInitiator","line":25,"loc":{"start":{"line":25,"column":4},"end":{"line":28,"column":4}}},"4":{"name":"_selfWithdraw","line":30,"loc":{"start":{"line":30,"column":4},"end":{"line":35,"column":4}}},"5":{"name":"_approveCollaborator","line":41,"loc":{"start":{"line":41,"column":4},"end":{"line":45,"column":4}}},"6":{"name":"_setBonusScore","line":52,"loc":{"start":{"line":52,"column":4},"end":{"line":55,"column":4}}},"7":{"name":"_raiseDispute","line":61,"loc":{"start":{"line":61,"column":4},"end":{"line":66,"column":4}}},"8":{"name":"_resolveDispute","line":72,"loc":{"start":{"line":72,"column":4},"end":{"line":79,"column":4}}},"9":{"name":"_claimMgp","line":85,"loc":{"start":{"line":85,"column":4},"end":{"line":91,"column":4}}},"10":{"name":"_payMgp","line":93,"loc":{"start":{"line":93,"column":4},"end":{"line":97,"column":4}}},"11":{"name":"_claimBonus","line":103,"loc":{"start":{"line":103,"column":4},"end":{"line":108,"column":4}}}},"statementMap":{"1":{"start":{"line":10,"column":8},"end":{"line":10,"column":61}},"2":{"start":{"line":21,"column":8},"end":{"line":21,"column":68}},"3":{"start":{"line":22,"column":8},"end":{"line":22,"column":31}},"4":{"start":{"line":26,"column":8},"end":{"line":26,"column":37}},"5":{"start":{"line":27,"column":8},"end":{"line":27,"column":35}},"6":{"start":{"line":31,"column":8},"end":{"line":31,"column":37}},"7":{"start":{"line":32,"column":8},"end":{"line":32,"column":28}},"8":{"start":{"line":33,"column":8},"end":{"line":33,"column":35}},"9":{"start":{"line":34,"column":8},"end":{"line":34,"column":40}},"10":{"start":{"line":42,"column":8},"end":{"line":42,"column":83}},"11":{"start":{"line":43,"column":8},"end":{"line":43,"column":54}},"12":{"start":{"line":44,"column":8},"end":{"line":44,"column":38}},"13":{"start":{"line":53,"column":8},"end":{"line":53,"column":79}},"14":{"start":{"line":54,"column":8},"end":{"line":54,"column":45}},"15":{"start":{"line":62,"column":8},"end":{"line":62,"column":77}},"16":{"start":{"line":63,"column":8},"end":{"line":63,"column":69}},"17":{"start":{"line":64,"column":8},"end":{"line":64,"column":73}},"18":{"start":{"line":65,"column":8},"end":{"line":65,"column":39}},"19":{"start":{"line":73,"column":8},"end":{"line":73,"column":61}},"20":{"start":{"line":74,"column":8},"end":{"line":74,"column":40}},"21":{"start":{"line":75,"column":8},"end":{"line":75,"column":3096}},"22":{"start":{"line":76,"column":12},"end":{"line":76,"column":32}},"23":{"start":{"line":77,"column":12},"end":{"line":77,"column":39}},"24":{"start":{"line":86,"column":8},"end":{"line":86,"column":75}},"25":{"start":{"line":87,"column":8},"end":{"line":87,"column":72}},"26":{"start":{"line":88,"column":8},"end":{"line":88,"column":66}},"27":{"start":{"line":89,"column":8},"end":{"line":89,"column":50}},"28":{"start":{"line":90,"column":8},"end":{"line":90,"column":32}},"29":{"start":{"line":94,"column":8},"end":{"line":94,"column":66}},"30":{"start":{"line":95,"column":8},"end":{"line":95,"column":50}},"31":{"start":{"line":96,"column":8},"end":{"line":96,"column":32}},"32":{"start":{"line":104,"column":8},"end":{"line":104,"column":75}},"33":{"start":{"line":105,"column":8},"end":{"line":105,"column":67}},"34":{"start":{"line":106,"column":8},"end":{"line":106,"column":70}},"35":{"start":{"line":107,"column":8},"end":{"line":107,"column":52}}},"branchMap":{"1":{"line":10,"type":"if","locations":[{"start":{"line":10,"column":8},"end":{"line":10,"column":8}},{"start":{"line":10,"column":8},"end":{"line":10,"column":8}}]},"2":{"line":21,"type":"if","locations":[{"start":{"line":21,"column":8},"end":{"line":21,"column":8}},{"start":{"line":21,"column":8},"end":{"line":21,"column":8}}]},"3":{"line":42,"type":"if","locations":[{"start":{"line":42,"column":8},"end":{"line":42,"column":8}},{"start":{"line":42,"column":8},"end":{"line":42,"column":8}}]},"4":{"line":53,"type":"if","locations":[{"start":{"line":53,"column":8},"end":{"line":53,"column":8}},{"start":{"line":53,"column":8},"end":{"line":53,"column":8}}]},"5":{"line":62,"type":"if","locations":[{"start":{"line":62,"column":8},"end":{"line":62,"column":8}},{"start":{"line":62,"column":8},"end":{"line":62,"column":8}}]},"6":{"line":63,"type":"if","locations":[{"start":{"line":63,"column":8},"end":{"line":63,"column":8}},{"start":{"line":63,"column":8},"end":{"line":63,"column":8}}]},"7":{"line":64,"type":"if","locations":[{"start":{"line":64,"column":8},"end":{"line":64,"column":8}},{"start":{"line":64,"column":8},"end":{"line":64,"column":8}}]},"8":{"line":73,"type":"if","locations":[{"start":{"line":73,"column":8},"end":{"line":73,"column":8}},{"start":{"line":73,"column":8},"end":{"line":73,"column":8}}]},"9":{"line":75,"type":"if","locations":[{"start":{"line":75,"column":8},"end":{"line":75,"column":8}},{"start":{"line":75,"column":8},"end":{"line":75,"column":8}}]},"10":{"line":86,"type":"if","locations":[{"start":{"line":86,"column":8},"end":{"line":86,"column":8}},{"start":{"line":86,"column":8},"end":{"line":86,"column":8}}]},"11":{"line":87,"type":"if","locations":[{"start":{"line":87,"column":8},"end":{"line":87,"column":8}},{"start":{"line":87,"column":8},"end":{"line":87,"column":8}}]},"12":{"line":88,"type":"if","locations":[{"start":{"line":88,"column":8},"end":{"line":88,"column":8}},{"start":{"line":88,"column":8},"end":{"line":88,"column":8}}]},"13":{"line":94,"type":"if","locations":[{"start":{"line":94,"column":8},"end":{"line":94,"column":8}},{"start":{"line":94,"column":8},"end":{"line":94,"column":8}}]},"14":{"line":104,"type":"if","locations":[{"start":{"line":104,"column":8},"end":{"line":104,"column":8}},{"start":{"line":104,"column":8},"end":{"line":104,"column":8}}]},"15":{"line":105,"type":"if","locations":[{"start":{"line":105,"column":8},"end":{"line":105,"column":8}},{"start":{"line":105,"column":8},"end":{"line":105,"column":8}}]},"16":{"line":106,"type":"if","locations":[{"start":{"line":106,"column":8},"end":{"line":106,"column":8}},{"start":{"line":106,"column":8},"end":{"line":106,"column":8}}]}}},"contracts\\libraries\\ObserverLibrary.sol":{"l":{"11":27,"12":23,"16":54,"17":53,"18":53,"22":7,"26":16,"27":14},"path":"D:\\NAPA\\Blockchain\\RebakedDAO\\buildsmartcontract\\contracts\\libraries\\ObserverLibrary.sol","s":{"1":27,"2":54,"3":53,"4":53,"5":7,"6":16,"7":14},"b":{"1":[23,4],"2":[53,1],"3":[14,2]},"f":{"1":27,"2":54,"3":7,"4":16},"fnMap":{"1":{"name":"onlyExistingObserver","line":10,"loc":{"start":{"line":10,"column":4},"end":{"line":13,"column":4}}},"2":{"name":"_addObserver","line":15,"loc":{"start":{"line":15,"column":4},"end":{"line":19,"column":4}}},"3":{"name":"_removeObserver","line":21,"loc":{"start":{"line":21,"column":4},"end":{"line":23,"column":4}}},"4":{"name":"_claimObserverFee","line":25,"loc":{"start":{"line":25,"column":4},"end":{"line":28,"column":4}}}},"statementMap":{"1":{"start":{"line":11,"column":8},"end":{"line":11,"column":85}},"2":{"start":{"line":16,"column":8},"end":{"line":16,"column":68}},"3":{"start":{"line":17,"column":8},"end":{"line":17,"column":46}},"4":{"start":{"line":18,"column":8},"end":{"line":18,"column":34}},"5":{"start":{"line":22,"column":8},"end":{"line":22,"column":33}},"6":{"start":{"line":26,"column":8},"end":{"line":26,"column":64}},"7":{"start":{"line":27,"column":8},"end":{"line":27,"column":43}}},"branchMap":{"1":{"line":11,"type":"if","locations":[{"start":{"line":11,"column":8},"end":{"line":11,"column":8}},{"start":{"line":11,"column":8},"end":{"line":11,"column":8}}]},"2":{"line":16,"type":"if","locations":[{"start":{"line":16,"column":8},"end":{"line":16,"column":8}},{"start":{"line":16,"column":8},"end":{"line":16,"column":8}}]},"3":{"line":26,"type":"if","locations":[{"start":{"line":26,"column":8},"end":{"line":26,"column":8}},{"start":{"line":26,"column":8},"end":{"line":26,"column":8}}]}}},"contracts\\libraries\\PackageLibrary.sol":{"l":{"14":407,"15":403,"19":362,"20":355,"37":126,"38":124,"39":124,"40":124,"41":124,"42":124,"43":124,"44":124,"48":15,"49":14,"50":14,"58":51,"59":50,"60":50,"68":6,"69":5,"70":5,"79":150,"80":149,"81":148,"82":147,"83":147,"97":93,"98":92,"99":1,"100":1,"102":91,"111":0,"112":0,"113":0,"114":0,"123":29,"124":28,"125":27,"126":26,"127":26,"128":26,"129":26,"130":26,"139":8,"140":7,"141":6,"149":15,"150":15,"151":15,"152":15,"153":15,"161":14,"162":12,"171":26,"172":23,"181":3,"182":3,"183":3,"184":3},"path":"D:\\NAPA\\Blockchain\\RebakedDAO\\buildsmartcontract\\contracts\\libraries\\PackageLibrary.sol","s":{"1":407,"2":362,"3":126,"4":124,"5":124,"6":124,"7":124,"8":124,"9":124,"10":124,"11":15,"12":14,"13":14,"14":51,"15":50,"16":6,"17":5,"18":150,"19":149,"20":148,"21":147,"22":93,"23":92,"24":1,"25":0,"26":0,"27":0,"28":29,"29":28,"30":27,"31":26,"32":26,"33":16,"34":26,"35":3,"36":26,"37":26,"38":8,"39":7,"40":6,"41":15,"42":0,"43":15,"44":0,"45":15,"46":15,"47":15,"48":14,"49":12,"50":26,"51":23,"52":3,"53":3,"54":3},"b":{"1":[403,4],"2":[355,7],"3":[124,2],"4":[14,1],"5":[50,1],"6":[50,0],"7":[5,1],"8":[5,0],"9":[149,1],"10":[148,1],"11":[147,1],"12":[92,1],"13":[1,91],"14":[0,0],"15":[0,0],"16":[28,1],"17":[27,1],"18":[26,1],"19":[16,10],"20":[3,23],"21":[7,1],"22":[6,1],"23":[0,15],"24":[0,15],"25":[12,2],"26":[23,3],"27":[3,0],"28":[3,0]},"f":{"1":407,"2":362,"3":126,"4":15,"5":51,"6":6,"7":150,"8":93,"9":0,"10":29,"11":8,"12":15,"13":14,"14":26,"15":3},"fnMap":{"1":{"name":"onlyExistingPackage","line":13,"loc":{"start":{"line":13,"column":4},"end":{"line":16,"column":4}}},"2":{"name":"activePackage","line":18,"loc":{"start":{"line":18,"column":4},"end":{"line":21,"column":4}}},"3":{"name":"_createPackage","line":30,"loc":{"start":{"line":30,"column":4},"end":{"line":45,"column":4}}},"4":{"name":"_cancelPackage","line":47,"loc":{"start":{"line":47,"column":4},"end":{"line":51,"column":4}}},"5":{"name":"_addObserver","line":57,"loc":{"start":{"line":57,"column":4},"end":{"line":61,"column":4}}},"6":{"name":"_removeObserver","line":67,"loc":{"start":{"line":67,"column":4},"end":{"line":71,"column":4}}},"7":{"name":"_reserveCollaboratorsBudget","line":78,"loc":{"start":{"line":78,"column":4},"end":{"line":84,"column":4}}},"8":{"name":"_approveCollaborator","line":96,"loc":{"start":{"line":92,"column":4},"end":{"line":104,"column":4}}},"9":{"name":"_removeCollaborator","line":110,"loc":{"start":{"line":106,"column":4},"end":{"line":115,"column":4}}},"10":{"name":"_finishPackage","line":122,"loc":{"start":{"line":122,"column":4},"end":{"line":131,"column":4}}},"11":{"name":"_setBonusScores","line":138,"loc":{"start":{"line":138,"column":4},"end":{"line":142,"column":4}}},"12":{"name":"_getObserverFee","line":148,"loc":{"start":{"line":148,"column":4},"end":{"line":154,"column":4}}},"13":{"name":"_claimObserverFee","line":160,"loc":{"start":{"line":160,"column":4},"end":{"line":163,"column":4}}},"14":{"name":"_claimMgp","line":170,"loc":{"start":{"line":170,"column":4},"end":{"line":173,"column":4}}},"15":{"name":"_claimBonus","line":180,"loc":{"start":{"line":180,"column":4},"end":{"line":185,"column":4}}}},"statementMap":{"1":{"start":{"line":14,"column":8},"end":{"line":14,"column":59}},"2":{"start":{"line":19,"column":8},"end":{"line":19,"column":54}},"3":{"start":{"line":37,"column":8},"end":{"line":37,"column":127}},"4":{"start":{"line":38,"column":8},"end":{"line":38,"column":32}},"5":{"start":{"line":39,"column":8},"end":{"line":39,"column":53}},"6":{"start":{"line":40,"column":8},"end":{"line":40,"column":30}},"7":{"start":{"line":41,"column":8},"end":{"line":41,"column":35}},"8":{"start":{"line":42,"column":8},"end":{"line":42,"column":52}},"9":{"start":{"line":43,"column":8},"end":{"line":43,"column":45}},"10":{"start":{"line":44,"column":8},"end":{"line":44,"column":31}},"11":{"start":{"line":48,"column":8},"end":{"line":48,"column":70}},"12":{"start":{"line":49,"column":8},"end":{"line":49,"column":46}},"13":{"start":{"line":50,"column":8},"end":{"line":50,"column":32}},"14":{"start":{"line":58,"column":8},"end":{"line":58,"column":70}},"15":{"start":{"line":59,"column":8},"end":{"line":59,"column":80}},"16":{"start":{"line":68,"column":8},"end":{"line":68,"column":70}},"17":{"start":{"line":69,"column":8},"end":{"line":69,"column":70}},"18":{"start":{"line":79,"column":8},"end":{"line":79,"column":70}},"19":{"start":{"line":80,"column":8},"end":{"line":80,"column":103}},"20":{"start":{"line":81,"column":8},"end":{"line":81,"column":100}},"21":{"start":{"line":82,"column":8},"end":{"line":82,"column":42}},"22":{"start":{"line":97,"column":8},"end":{"line":97,"column":70}},"23":{"start":{"line":98,"column":8},"end":{"line":98,"column":3943}},"24":{"start":{"line":99,"column":12},"end":{"line":99,"column":43}},"25":{"start":{"line":111,"column":8},"end":{"line":111,"column":70}},"26":{"start":{"line":112,"column":8},"end":{"line":112,"column":39}},"27":{"start":{"line":114,"column":8},"end":{"line":114,"column":55}},"28":{"start":{"line":123,"column":8},"end":{"line":123,"column":70}},"29":{"start":{"line":124,"column":8},"end":{"line":124,"column":78}},"30":{"start":{"line":125,"column":8},"end":{"line":125,"column":110}},"31":{"start":{"line":126,"column":8},"end":{"line":126,"column":63}},"32":{"start":{"line":127,"column":8},"end":{"line":127,"column":81}},"33":{"start":{"line":127,"column":42},"end":{"line":127,"column":80}},"34":{"start":{"line":128,"column":8},"end":{"line":128,"column":75}},"35":{"start":{"line":128,"column":46},"end":{"line":128,"column":74}},"36":{"start":{"line":129,"column":8},"end":{"line":129,"column":46}},"37":{"start":{"line":130,"column":8},"end":{"line":130,"column":26}},"38":{"start":{"line":139,"column":8},"end":{"line":139,"column":55}},"39":{"start":{"line":140,"column":8},"end":{"line":140,"column":68}},"40":{"start":{"line":141,"column":8},"end":{"line":141,"column":62}},"41":{"start":{"line":149,"column":8},"end":{"line":149,"column":50}},"42":{"start":{"line":149,"column":42},"end":{"line":149,"column":50}},"43":{"start":{"line":150,"column":8},"end":{"line":150,"column":78}},"44":{"start":{"line":150,"column":70},"end":{"line":150,"column":78}},"45":{"start":{"line":151,"column":8},"end":{"line":151,"column":81}},"46":{"start":{"line":152,"column":8},"end":{"line":152,"column":76}},"47":{"start":{"line":153,"column":8},"end":{"line":153,"column":58}},"48":{"start":{"line":161,"column":8},"end":{"line":161,"column":106}},"49":{"start":{"line":162,"column":8},"end":{"line":162,"column":46}},"50":{"start":{"line":171,"column":8},"end":{"line":171,"column":103}},"51":{"start":{"line":172,"column":8},"end":{"line":172,"column":37}},"52":{"start":{"line":181,"column":8},"end":{"line":181,"column":65}},"53":{"start":{"line":182,"column":8},"end":{"line":182,"column":58}},"54":{"start":{"line":183,"column":8},"end":{"line":183,"column":36}}},"branchMap":{"1":{"line":14,"type":"if","locations":[{"start":{"line":14,"column":8},"end":{"line":14,"column":8}},{"start":{"line":14,"column":8},"end":{"line":14,"column":8}}]},"2":{"line":19,"type":"if","locations":[{"start":{"line":19,"column":8},"end":{"line":19,"column":8}},{"start":{"line":19,"column":8},"end":{"line":19,"column":8}}]},"3":{"line":37,"type":"if","locations":[{"start":{"line":37,"column":8},"end":{"line":37,"column":8}},{"start":{"line":37,"column":8},"end":{"line":37,"column":8}}]},"4":{"line":48,"type":"if","locations":[{"start":{"line":48,"column":8},"end":{"line":48,"column":8}},{"start":{"line":48,"column":8},"end":{"line":48,"column":8}}]},"5":{"line":58,"type":"if","locations":[{"start":{"line":58,"column":8},"end":{"line":58,"column":8}},{"start":{"line":58,"column":8},"end":{"line":58,"column":8}}]},"6":{"line":59,"type":"if","locations":[{"start":{"line":59,"column":8},"end":{"line":59,"column":8}},{"start":{"line":59,"column":8},"end":{"line":59,"column":8}}]},"7":{"line":68,"type":"if","locations":[{"start":{"line":68,"column":8},"end":{"line":68,"column":8}},{"start":{"line":68,"column":8},"end":{"line":68,"column":8}}]},"8":{"line":69,"type":"if","locations":[{"start":{"line":69,"column":8},"end":{"line":69,"column":8}},{"start":{"line":69,"column":8},"end":{"line":69,"column":8}}]},"9":{"line":79,"type":"if","locations":[{"start":{"line":79,"column":8},"end":{"line":79,"column":8}},{"start":{"line":79,"column":8},"end":{"line":79,"column":8}}]},"10":{"line":80,"type":"if","locations":[{"start":{"line":80,"column":8},"end":{"line":80,"column":8}},{"start":{"line":80,"column":8},"end":{"line":80,"column":8}}]},"11":{"line":81,"type":"if","locations":[{"start":{"line":81,"column":8},"end":{"line":81,"column":8}},{"start":{"line":81,"column":8},"end":{"line":81,"column":8}}]},"12":{"line":97,"type":"if","locations":[{"start":{"line":97,"column":8},"end":{"line":97,"column":8}},{"start":{"line":97,"column":8},"end":{"line":97,"column":8}}]},"13":{"line":98,"type":"if","locations":[{"start":{"line":98,"column":8},"end":{"line":98,"column":8}},{"start":{"line":98,"column":8},"end":{"line":98,"column":8}}]},"14":{"line":111,"type":"if","locations":[{"start":{"line":111,"column":8},"end":{"line":111,"column":8}},{"start":{"line":111,"column":8},"end":{"line":111,"column":8}}]},"15":{"line":114,"type":"if","locations":[{"start":{"line":114,"column":8},"end":{"line":114,"column":8}},{"start":{"line":114,"column":8},"end":{"line":114,"column":8}}]},"16":{"line":123,"type":"if","locations":[{"start":{"line":123,"column":8},"end":{"line":123,"column":8}},{"start":{"line":123,"column":8},"end":{"line":123,"column":8}}]},"17":{"line":124,"type":"if","locations":[{"start":{"line":124,"column":8},"end":{"line":124,"column":8}},{"start":{"line":124,"column":8},"end":{"line":124,"column":8}}]},"18":{"line":125,"type":"if","locations":[{"start":{"line":125,"column":8},"end":{"line":125,"column":8}},{"start":{"line":125,"column":8},"end":{"line":125,"column":8}}]},"19":{"line":127,"type":"if","locations":[{"start":{"line":127,"column":8},"end":{"line":127,"column":8}},{"start":{"line":127,"column":8},"end":{"line":127,"column":8}}]},"20":{"line":128,"type":"if","locations":[{"start":{"line":128,"column":8},"end":{"line":128,"column":8}},{"start":{"line":128,"column":8},"end":{"line":128,"column":8}}]},"21":{"line":139,"type":"if","locations":[{"start":{"line":139,"column":8},"end":{"line":139,"column":8}},{"start":{"line":139,"column":8},"end":{"line":139,"column":8}}]},"22":{"line":140,"type":"if","locations":[{"start":{"line":140,"column":8},"end":{"line":140,"column":8}},{"start":{"line":140,"column":8},"end":{"line":140,"column":8}}]},"23":{"line":149,"type":"if","locations":[{"start":{"line":149,"column":8},"end":{"line":149,"column":8}},{"start":{"line":149,"column":8},"end":{"line":149,"column":8}}]},"24":{"line":150,"type":"if","locations":[{"start":{"line":150,"column":8},"end":{"line":150,"column":8}},{"start":{"line":150,"column":8},"end":{"line":150,"column":8}}]},"25":{"line":161,"type":"if","locations":[{"start":{"line":161,"column":8},"end":{"line":161,"column":8}},{"start":{"line":161,"column":8},"end":{"line":161,"column":8}}]},"26":{"line":171,"type":"if","locations":[{"start":{"line":171,"column":8},"end":{"line":171,"column":8}},{"start":{"line":171,"column":8},"end":{"line":171,"column":8}}]},"27":{"line":181,"type":"if","locations":[{"start":{"line":181,"column":8},"end":{"line":181,"column":8}},{"start":{"line":181,"column":8},"end":{"line":181,"column":8}}]},"28":{"line":182,"type":"if","locations":[{"start":{"line":182,"column":8},"end":{"line":182,"column":8}},{"start":{"line":182,"column":8},"end":{"line":182,"column":8}}]}}},"contracts\\libraries\\ProjectLibrary.sol":{"l":{"15":154,"16":153,"30":123,"31":123,"32":123,"33":123,"34":123,"42":115,"43":114,"52":113,"53":112,"54":111,"55":102,"57":9,"59":110,"68":7,"69":6,"70":5,"71":4,"72":4,"73":4,"74":4,"75":1,"76":1,"77":1,"78":1,"95":129,"96":128,"97":127,"98":127,"99":126,"100":126,"104":10,"105":10,"106":10,"107":10,"117":26,"118":26,"127":38,"128":38},"path":"D:\\NAPA\\Blockchain\\RebakedDAO\\buildsmartcontract\\contracts\\libraries\\ProjectLibrary.sol","s":{"1":154,"2":123,"3":123,"4":123,"5":123,"6":123,"7":115,"8":114,"9":113,"10":112,"11":111,"12":102,"13":9,"14":110,"15":7,"16":6,"17":5,"18":4,"19":4,"20":4,"21":4,"22":1,"23":1,"24":1,"25":1,"26":3,"27":129,"28":128,"29":127,"30":127,"31":126,"32":126,"33":10,"34":10,"35":10,"36":10,"37":26,"38":26,"39":38,"40":38},"b":{"1":[153,1],"2":[114,1],"3":[112,1],"4":[111,1],"5":[102,9],"6":[6,1],"7":[5,1],"8":[4,1],"9":[4,0],"10":[1,3],"11":[128,1],"12":[127,1],"13":[126,1],"14":[10,0],"15":[10,0],"16":[26,0]},"f":{"1":154,"2":123,"3":115,"4":113,"5":7,"6":129,"7":10,"8":26,"9":38},"fnMap":{"1":{"name":"onlyExistingProject","line":14,"loc":{"start":{"line":14,"column":4},"end":{"line":17,"column":4}}},"2":{"name":"_createProject","line":25,"loc":{"start":{"line":25,"column":4},"end":{"line":35,"column":4}}},"3":{"name":"_approveProject","line":41,"loc":{"start":{"line":41,"column":4},"end":{"line":44,"column":4}}},"4":{"name":"_startProject","line":51,"loc":{"start":{"line":51,"column":4},"end":{"line":60,"column":4}}},"5":{"name":"_finishProject","line":67,"loc":{"start":{"line":67,"column":4},"end":{"line":81,"column":4}}},"6":{"name":"_reservePackagesBudget","line":90,"loc":{"start":{"line":90,"column":4},"end":{"line":101,"column":4}}},"7":{"name":"_revertPackageBudget","line":103,"loc":{"start":{"line":103,"column":4},"end":{"line":108,"column":4}}},"8":{"name":"_finishPackage","line":116,"loc":{"start":{"line":116,"column":4},"end":{"line":119,"column":4}}},"9":{"name":"_pay","line":126,"loc":{"start":{"line":126,"column":4},"end":{"line":129,"column":4}}}},"statementMap":{"1":{"start":{"line":15,"column":8},"end":{"line":15,"column":59}},"2":{"start":{"line":30,"column":8},"end":{"line":30,"column":38}},"3":{"start":{"line":31,"column":8},"end":{"line":31,"column":30}},"4":{"start":{"line":32,"column":8},"end":{"line":32,"column":32}},"5":{"start":{"line":33,"column":8},"end":{"line":33,"column":45}},"6":{"start":{"line":34,"column":8},"end":{"line":34,"column":49}},"7":{"start":{"line":42,"column":8},"end":{"line":42,"column":70}},"8":{"start":{"line":43,"column":8},"end":{"line":43,"column":46}},"9":{"start":{"line":52,"column":8},"end":{"line":52,"column":68}},"10":{"start":{"line":53,"column":8},"end":{"line":53,"column":68}},"11":{"start":{"line":54,"column":8},"end":{"line":54,"column":1961}},"12":{"start":{"line":55,"column":12},"end":{"line":55,"column":94}},"13":{"start":{"line":57,"column":12},"end":{"line":57,"column":85}},"14":{"start":{"line":59,"column":8},"end":{"line":59,"column":45}},"15":{"start":{"line":68,"column":8},"end":{"line":68,"column":67}},"16":{"start":{"line":69,"column":8},"end":{"line":69,"column":70}},"17":{"start":{"line":70,"column":8},"end":{"line":70,"column":100}},"18":{"start":{"line":71,"column":8},"end":{"line":71,"column":46}},"19":{"start":{"line":72,"column":8},"end":{"line":72,"column":72}},"20":{"start":{"line":73,"column":8},"end":{"line":73,"column":2967}},"21":{"start":{"line":74,"column":12},"end":{"line":74,"column":3057}},"22":{"start":{"line":75,"column":16},"end":{"line":75,"column":63}},"23":{"start":{"line":76,"column":16},"end":{"line":76,"column":43}},"24":{"start":{"line":77,"column":16},"end":{"line":77,"column":85}},"25":{"start":{"line":78,"column":16},"end":{"line":78,"column":74}},"26":{"start":{"line":79,"column":19},"end":{"line":79,"column":61}},"27":{"start":{"line":95,"column":8},"end":{"line":95,"column":66}},"28":{"start":{"line":96,"column":8},"end":{"line":96,"column":65}},"29":{"start":{"line":97,"column":8},"end":{"line":97,"column":84}},"30":{"start":{"line":98,"column":8},"end":{"line":98,"column":89}},"31":{"start":{"line":99,"column":8},"end":{"line":99,"column":47}},"32":{"start":{"line":100,"column":8},"end":{"line":100,"column":39}},"33":{"start":{"line":104,"column":8},"end":{"line":104,"column":66}},"34":{"start":{"line":105,"column":8},"end":{"line":105,"column":65}},"35":{"start":{"line":106,"column":8},"end":{"line":106,"column":54}},"36":{"start":{"line":107,"column":8},"end":{"line":107,"column":34}},"37":{"start":{"line":117,"column":8},"end":{"line":117,"column":68}},"38":{"start":{"line":117,"column":29},"end":{"line":117,"column":67}},"39":{"start":{"line":127,"column":8},"end":{"line":127,"column":37}},"40":{"start":{"line":128,"column":8},"end":{"line":128,"column":62}}},"branchMap":{"1":{"line":15,"type":"if","locations":[{"start":{"line":15,"column":8},"end":{"line":15,"column":8}},{"start":{"line":15,"column":8},"end":{"line":15,"column":8}}]},"2":{"line":42,"type":"if","locations":[{"start":{"line":42,"column":8},"end":{"line":42,"column":8}},{"start":{"line":42,"column":8},"end":{"line":42,"column":8}}]},"3":{"line":52,"type":"if","locations":[{"start":{"line":52,"column":8},"end":{"line":52,"column":8}},{"start":{"line":52,"column":8},"end":{"line":52,"column":8}}]},"4":{"line":53,"type":"if","locations":[{"start":{"line":53,"column":8},"end":{"line":53,"column":8}},{"start":{"line":53,"column":8},"end":{"line":53,"column":8}}]},"5":{"line":54,"type":"if","locations":[{"start":{"line":54,"column":8},"end":{"line":54,"column":8}},{"start":{"line":54,"column":8},"end":{"line":54,"column":8}}]},"6":{"line":68,"type":"if","locations":[{"start":{"line":68,"column":8},"end":{"line":68,"column":8}},{"start":{"line":68,"column":8},"end":{"line":68,"column":8}}]},"7":{"line":69,"type":"if","locations":[{"start":{"line":69,"column":8},"end":{"line":69,"column":8}},{"start":{"line":69,"column":8},"end":{"line":69,"column":8}}]},"8":{"line":70,"type":"if","locations":[{"start":{"line":70,"column":8},"end":{"line":70,"column":8}},{"start":{"line":70,"column":8},"end":{"line":70,"column":8}}]},"9":{"line":73,"type":"if","locations":[{"start":{"line":73,"column":8},"end":{"line":73,"column":8}},{"start":{"line":73,"column":8},"end":{"line":73,"column":8}}]},"10":{"line":74,"type":"if","locations":[{"start":{"line":74,"column":12},"end":{"line":74,"column":12}},{"start":{"line":74,"column":12},"end":{"line":74,"column":12}}]},"11":{"line":95,"type":"if","locations":[{"start":{"line":95,"column":8},"end":{"line":95,"column":8}},{"start":{"line":95,"column":8},"end":{"line":95,"column":8}}]},"12":{"line":96,"type":"if","locations":[{"start":{"line":96,"column":8},"end":{"line":96,"column":8}},{"start":{"line":96,"column":8},"end":{"line":96,"column":8}}]},"13":{"line":98,"type":"if","locations":[{"start":{"line":98,"column":8},"end":{"line":98,"column":8}},{"start":{"line":98,"column":8},"end":{"line":98,"column":8}}]},"14":{"line":104,"type":"if","locations":[{"start":{"line":104,"column":8},"end":{"line":104,"column":8}},{"start":{"line":104,"column":8},"end":{"line":104,"column":8}}]},"15":{"line":105,"type":"if","locations":[{"start":{"line":105,"column":8},"end":{"line":105,"column":8}},{"start":{"line":105,"column":8},"end":{"line":105,"column":8}}]},"16":{"line":117,"type":"if","locations":[{"start":{"line":117,"column":8},"end":{"line":117,"column":8}},{"start":{"line":117,"column":8},"end":{"line":117,"column":8}}]}}},"contracts\\libraries\\Structs.sol":{"l":{},"path":"D:\\NAPA\\Blockchain\\RebakedDAO\\buildsmartcontract\\contracts\\libraries\\Structs.sol","s":{},"b":{},"f":{},"fnMap":{},"statementMap":{},"branchMap":{}},"contracts\\ReBakedDAO.sol":{"l":{"42":389,"43":388,"44":387,"45":387,"52":409,"53":406,"60":0,"61":0,"68":16,"69":15,"76":553,"77":540,"89":249,"97":123,"98":123,"108":126,"109":126,"117":113,"118":113,"119":110,"127":3,"128":2,"132":116,"133":114,"141":14,"157":14,"158":14,"159":13,"160":12,"161":12,"162":16,"163":14,"165":10,"166":9,"167":6,"197":3,"198":1,"199":1,"200":1,"215":123,"216":123,"217":123,"218":123,"219":102,"220":102,"229":11,"247":129,"248":129,"249":129,"250":129,"251":126,"252":126,"253":126,"254":124,"255":121,"257":124,"266":17,"267":17,"268":14,"269":13,"270":12,"271":17,"273":11,"274":4,"276":10,"277":10,"278":10,"294":154,"295":153,"296":152,"297":147,"313":95,"314":95,"315":95,"317":94,"318":94,"320":92,"321":91,"323":1,"325":91,"334":11,"336":10,"337":10,"338":3,"339":2,"341":7,"342":4,"347":0,"348":0,"349":0,"350":0,"351":0,"365":40,"366":55,"367":54,"368":53,"370":35,"384":6,"385":8,"386":8,"387":7,"388":7,"397":26,"405":27,"406":22,"407":20,"408":20,"416":11,"418":8,"419":8,"420":7,"422":7,"430":31,"431":26,"432":26,"440":7,"441":4,"453":9,"454":9,"455":7,"456":7,"457":4,"458":3,"459":3,"468":8,"469":8,"470":5,"471":5,"472":3,"473":3,"474":3,"475":3,"476":3,"489":8,"490":8,"491":8,"493":6,"494":6,"495":5,"497":5,"505":20,"509":28,"517":17,"525":5,"526":5,"527":4,"528":4,"531":4,"539":11,"547":4,"548":4,"549":3,"551":1},"path":"D:\\NAPA\\Blockchain\\RebakedDAO\\buildsmartcontract\\contracts\\ReBakedDAO.sol","s":{"1":389,"2":388,"3":387,"4":387,"5":409,"6":0,"7":16,"8":553,"9":249,"10":123,"11":123,"12":126,"13":126,"14":113,"15":113,"16":110,"17":3,"18":2,"19":116,"20":114,"21":14,"22":14,"23":14,"24":13,"25":12,"26":12,"27":16,"28":14,"29":10,"30":9,"31":6,"32":3,"33":1,"34":1,"35":123,"36":123,"37":123,"38":123,"39":102,"40":102,"41":11,"42":129,"43":129,"44":129,"45":129,"46":126,"47":126,"48":126,"49":124,"50":121,"51":124,"52":17,"53":17,"54":14,"55":13,"56":12,"57":17,"58":11,"59":4,"60":10,"61":10,"62":10,"63":154,"64":153,"65":152,"66":147,"67":95,"68":95,"69":95,"70":94,"71":94,"72":92,"73":91,"74":1,"75":91,"76":11,"77":10,"78":10,"79":3,"80":2,"81":7,"82":0,"83":0,"84":0,"85":0,"86":0,"87":40,"88":55,"89":54,"90":53,"91":35,"92":6,"93":8,"94":8,"95":7,"96":7,"97":26,"98":27,"99":22,"100":20,"101":20,"102":11,"103":8,"104":8,"105":7,"106":7,"107":31,"108":26,"109":26,"110":7,"111":4,"112":9,"113":9,"114":7,"115":7,"116":4,"117":3,"118":3,"119":8,"120":8,"121":5,"122":5,"123":3,"124":3,"125":3,"126":3,"127":3,"128":8,"129":8,"130":8,"131":6,"132":6,"133":5,"134":5,"135":20,"136":28,"137":17,"138":5,"139":5,"140":4,"141":4,"142":4,"143":11,"144":4,"145":4,"146":3,"147":1},"b":{"1":[388,1],"2":[387,1],"3":[406,3],"4":[0,0],"5":[15,1],"6":[540,13],"7":[123,0],"8":[126,0],"9":[2,1],"10":[13,1],"11":[12,1],"12":[9,1],"13":[1,0],"14":[102,21],"15":[121,3],"16":[13,1],"17":[12,1],"18":[153,1],"19":[94,1],"20":[91,1],"21":[10,1],"22":[3,7],"23":[54,1],"24":[7,2],"25":[5,3],"26":[4,1],"27":[3,1]},"f":{"1":389,"2":409,"3":0,"4":16,"5":553,"6":249,"7":123,"8":126,"9":113,"10":3,"11":116,"12":14,"13":14,"14":3,"15":123,"16":11,"17":129,"18":17,"19":154,"20":95,"21":11,"22":0,"23":40,"24":6,"25":26,"26":27,"27":11,"28":31,"29":7,"30":9,"31":8,"32":8,"33":20,"34":28,"35":17,"36":5,"37":11,"38":4},"fnMap":{"1":{"name":"constructor","line":41,"loc":{"start":{"line":41,"column":4},"end":{"line":46,"column":4}}},"2":{"name":"nonZero","line":51,"loc":{"start":{"line":51,"column":4},"end":{"line":54,"column":4}}},"3":{"name":"nonEmptyBytesArray","line":59,"loc":{"start":{"line":59,"column":4},"end":{"line":62,"column":4}}},"4":{"name":"nonEmptyUintArray","line":67,"loc":{"start":{"line":67,"column":4},"end":{"line":70,"column":4}}},"5":{"name":"onlyInitiator","line":75,"loc":{"start":{"line":75,"column":4},"end":{"line":78,"column":4}}},"6":{"name":"_generateId","line":88,"loc":{"start":{"line":88,"column":4},"end":{"line":90,"column":4}}},"7":{"name":"_generateProjectId","line":96,"loc":{"start":{"line":96,"column":4},"end":{"line":99,"column":4}}},"8":{"name":"_generatePackageId","line":107,"loc":{"start":{"line":107,"column":4},"end":{"line":110,"column":4}}},"9":{"name":"_startProject","line":116,"loc":{"start":{"line":116,"column":4},"end":{"line":120,"column":4}}},"10":{"name":"updateTreasury","line":126,"loc":{"start":{"line":126,"column":4},"end":{"line":129,"column":4}}},"11":{"name":"_approveProject","line":131,"loc":{"start":{"line":131,"column":4},"end":{"line":134,"column":4}}},"12":{"name":"approveProject","line":140,"loc":{"start":{"line":140,"column":4},"end":{"line":142,"column":4}}},"13":{"name":"setBonusScores","line":156,"loc":{"start":{"line":151,"column":4},"end":{"line":168,"column":4}}},"14":{"name":"resolveDispute","line":196,"loc":{"start":{"line":191,"column":4},"end":{"line":202,"column":4}}},"15":{"name":"createProject","line":214,"loc":{"start":{"line":214,"column":4},"end":{"line":222,"column":4}}},"16":{"name":"startProject","line":228,"loc":{"start":{"line":228,"column":4},"end":{"line":230,"column":4}}},"17":{"name":"createPackage","line":246,"loc":{"start":{"line":240,"column":4},"end":{"line":258,"column":4}}},"18":{"name":"cancelPackage","line":265,"loc":{"start":{"line":260,"column":4},"end":{"line":279,"column":4}}},"19":{"name":"addCollaborator","line":293,"loc":{"start":{"line":288,"column":4},"end":{"line":298,"column":4}}},"20":{"name":"approveCollaborator","line":312,"loc":{"start":{"line":307,"column":4},"end":{"line":326,"column":4}}},"21":{"name":"removeCollaborator","line":333,"loc":{"start":{"line":328,"column":4},"end":{"line":344,"column":4}}},"22":{"name":"selfRemove","line":346,"loc":{"start":{"line":346,"column":4},"end":{"line":352,"column":4}}},"23":{"name":"addObserver","line":364,"loc":{"start":{"line":360,"column":4},"end":{"line":371,"column":4}}},"24":{"name":"removeObserver","line":383,"loc":{"start":{"line":379,"column":4},"end":{"line":390,"column":4}}},"25":{"name":"payMgp","line":396,"loc":{"start":{"line":392,"column":4},"end":{"line":398,"column":4}}},"26":{"name":"_payMgp","line":400,"loc":{"start":{"line":400,"column":4},"end":{"line":409,"column":4}}},"27":{"name":"payObserverFee","line":415,"loc":{"start":{"line":411,"column":4},"end":{"line":423,"column":4}}},"28":{"name":"finishPackage","line":429,"loc":{"start":{"line":429,"column":4},"end":{"line":433,"column":4}}},"29":{"name":"finishProject","line":439,"loc":{"start":{"line":439,"column":4},"end":{"line":442,"column":4}}},"30":{"name":"claimMgp","line":452,"loc":{"start":{"line":452,"column":4},"end":{"line":460,"column":4}}},"31":{"name":"claimBonus","line":467,"loc":{"start":{"line":467,"column":4},"end":{"line":477,"column":4}}},"32":{"name":"claimObserverFee","line":488,"loc":{"start":{"line":488,"column":4},"end":{"line":498,"column":4}}},"33":{"name":"getProjectData","line":504,"loc":{"start":{"line":504,"column":4},"end":{"line":506,"column":4}}},"34":{"name":"getPackageData","line":508,"loc":{"start":{"line":508,"column":4},"end":{"line":510,"column":4}}},"35":{"name":"getCollaboratorData","line":512,"loc":{"start":{"line":512,"column":4},"end":{"line":518,"column":4}}},"36":{"name":"getCollaboratorRewards","line":520,"loc":{"start":{"line":520,"column":4},"end":{"line":532,"column":4}}},"37":{"name":"getObserverData","line":534,"loc":{"start":{"line":534,"column":4},"end":{"line":540,"column":4}}},"38":{"name":"getObserverFee","line":542,"loc":{"start":{"line":542,"column":4},"end":{"line":552,"column":4}}}},"statementMap":{"1":{"start":{"line":42,"column":8},"end":{"line":42,"column":67}},"2":{"start":{"line":43,"column":8},"end":{"line":43,"column":75}},"3":{"start":{"line":44,"column":8},"end":{"line":44,"column":27}},"4":{"start":{"line":45,"column":8},"end":{"line":45,"column":35}},"5":{"start":{"line":52,"column":8},"end":{"line":52,"column":42}},"6":{"start":{"line":60,"column":8},"end":{"line":60,"column":48}},"7":{"start":{"line":68,"column":8},"end":{"line":68,"column":48}},"8":{"start":{"line":76,"column":8},"end":{"line":76,"column":98}},"9":{"start":{"line":89,"column":8},"end":{"line":89,"column":91}},"10":{"start":{"line":97,"column":8},"end":{"line":97,"column":34}},"11":{"start":{"line":98,"column":8},"end":{"line":98,"column":80}},"12":{"start":{"line":108,"column":8},"end":{"line":108,"column":39}},"13":{"start":{"line":109,"column":8},"end":{"line":109,"column":92}},"14":{"start":{"line":117,"column":8},"end":{"line":117,"column":60}},"15":{"start":{"line":118,"column":8},"end":{"line":118,"column":58}},"16":{"start":{"line":119,"column":8},"end":{"line":119,"column":52}},"17":{"start":{"line":127,"column":8},"end":{"line":127,"column":67}},"18":{"start":{"line":128,"column":8},"end":{"line":128,"column":27}},"19":{"start":{"line":132,"column":8},"end":{"line":132,"column":48}},"20":{"start":{"line":133,"column":8},"end":{"line":133,"column":40}},"21":{"start":{"line":141,"column":8},"end":{"line":141,"column":34}},"22":{"start":{"line":157,"column":8},"end":{"line":157,"column":69}},"23":{"start":{"line":158,"column":8},"end":{"line":158,"column":81}},"24":{"start":{"line":159,"column":8},"end":{"line":159,"column":97}},"25":{"start":{"line":160,"column":8},"end":{"line":160,"column":33}},"26":{"start":{"line":161,"column":8},"end":{"line":161,"column":6079}},"27":{"start":{"line":162,"column":12},"end":{"line":162,"column":97}},"28":{"start":{"line":163,"column":12},"end":{"line":163,"column":42}},"29":{"start":{"line":165,"column":8},"end":{"line":165,"column":82}},"30":{"start":{"line":166,"column":8},"end":{"line":166,"column":46}},"31":{"start":{"line":167,"column":8},"end":{"line":167,"column":76}},"32":{"start":{"line":197,"column":8},"end":{"line":197,"column":89}},"33":{"start":{"line":199,"column":8},"end":{"line":199,"column":7643}},"34":{"start":{"line":200,"column":12},"end":{"line":200,"column":57}},"35":{"start":{"line":215,"column":8},"end":{"line":215,"column":49}},"36":{"start":{"line":216,"column":8},"end":{"line":216,"column":62}},"37":{"start":{"line":217,"column":8},"end":{"line":217,"column":68}},"38":{"start":{"line":218,"column":8},"end":{"line":218,"column":8452}},"39":{"start":{"line":219,"column":12},"end":{"line":219,"column":38}},"40":{"start":{"line":220,"column":12},"end":{"line":220,"column":36}},"41":{"start":{"line":229,"column":8},"end":{"line":229,"column":32}},"42":{"start":{"line":247,"column":8},"end":{"line":247,"column":57}},"43":{"start":{"line":248,"column":8},"end":{"line":248,"column":38}},"44":{"start":{"line":249,"column":8},"end":{"line":249,"column":58}},"45":{"start":{"line":250,"column":8},"end":{"line":250,"column":47}},"46":{"start":{"line":251,"column":8},"end":{"line":251,"column":62}},"47":{"start":{"line":252,"column":8},"end":{"line":252,"column":69}},"48":{"start":{"line":253,"column":8},"end":{"line":253,"column":82}},"49":{"start":{"line":254,"column":8},"end":{"line":254,"column":9758}},"50":{"start":{"line":255,"column":12},"end":{"line":255,"column":83}},"51":{"start":{"line":257,"column":8},"end":{"line":257,"column":68}},"52":{"start":{"line":266,"column":8},"end":{"line":266,"column":69}},"53":{"start":{"line":267,"column":8},"end":{"line":267,"column":31}},"54":{"start":{"line":268,"column":8},"end":{"line":268,"column":99}},"55":{"start":{"line":269,"column":8},"end":{"line":269,"column":87}},"56":{"start":{"line":270,"column":8},"end":{"line":270,"column":10482}},"57":{"start":{"line":271,"column":12},"end":{"line":271,"column":60}},"58":{"start":{"line":273,"column":8},"end":{"line":273,"column":10620}},"59":{"start":{"line":274,"column":12},"end":{"line":274,"column":64}},"60":{"start":{"line":276,"column":8},"end":{"line":276,"column":35}},"61":{"start":{"line":277,"column":8},"end":{"line":277,"column":64}},"62":{"start":{"line":278,"column":8},"end":{"line":278,"column":72}},"63":{"start":{"line":294,"column":8},"end":{"line":294,"column":77}},"64":{"start":{"line":295,"column":8},"end":{"line":295,"column":85}},"65":{"start":{"line":296,"column":8},"end":{"line":296,"column":76}},"66":{"start":{"line":297,"column":8},"end":{"line":297,"column":75}},"67":{"start":{"line":313,"column":8},"end":{"line":313,"column":99}},"68":{"start":{"line":314,"column":8},"end":{"line":314,"column":39}},"69":{"start":{"line":315,"column":8},"end":{"line":315,"column":48}},"70":{"start":{"line":317,"column":8},"end":{"line":317,"column":69}},"71":{"start":{"line":318,"column":8},"end":{"line":318,"column":79}},"72":{"start":{"line":320,"column":8},"end":{"line":320,"column":12597}},"73":{"start":{"line":321,"column":12},"end":{"line":321,"column":46}},"74":{"start":{"line":323,"column":12},"end":{"line":323,"column":39}},"75":{"start":{"line":325,"column":8},"end":{"line":325,"column":82}},"76":{"start":{"line":334,"column":8},"end":{"line":334,"column":102}},"77":{"start":{"line":336,"column":8},"end":{"line":336,"column":99}},"78":{"start":{"line":337,"column":8},"end":{"line":337,"column":13242}},"79":{"start":{"line":338,"column":12},"end":{"line":338,"column":56}},"80":{"start":{"line":339,"column":12},"end":{"line":339,"column":56}},"81":{"start":{"line":341,"column":12},"end":{"line":341,"column":39}},"82":{"start":{"line":347,"column":8},"end":{"line":347,"column":96}},"83":{"start":{"line":348,"column":8},"end":{"line":348,"column":39}},"84":{"start":{"line":349,"column":8},"end":{"line":349,"column":35}},"85":{"start":{"line":350,"column":8},"end":{"line":350,"column":118}},"86":{"start":{"line":351,"column":8},"end":{"line":351,"column":63}},"87":{"start":{"line":365,"column":8},"end":{"line":365,"column":14345}},"88":{"start":{"line":366,"column":12},"end":{"line":366,"column":73}},"89":{"start":{"line":367,"column":12},"end":{"line":367,"column":77}},"90":{"start":{"line":368,"column":12},"end":{"line":368,"column":65}},"91":{"start":{"line":370,"column":8},"end":{"line":370,"column":62}},"92":{"start":{"line":384,"column":8},"end":{"line":384,"column":15075}},"93":{"start":{"line":385,"column":12},"end":{"line":385,"column":91}},"94":{"start":{"line":386,"column":12},"end":{"line":386,"column":37}},"95":{"start":{"line":387,"column":12},"end":{"line":387,"column":77}},"96":{"start":{"line":388,"column":12},"end":{"line":388,"column":36}},"97":{"start":{"line":397,"column":8},"end":{"line":397,"column":53}},"98":{"start":{"line":405,"column":8},"end":{"line":405,"column":91}},"99":{"start":{"line":406,"column":8},"end":{"line":406,"column":61}},"100":{"start":{"line":407,"column":8},"end":{"line":407,"column":59}},"101":{"start":{"line":408,"column":8},"end":{"line":408,"column":68}},"102":{"start":{"line":416,"column":8},"end":{"line":416,"column":74}},"103":{"start":{"line":418,"column":8},"end":{"line":418,"column":79}},"104":{"start":{"line":419,"column":8},"end":{"line":419,"column":69}},"105":{"start":{"line":420,"column":8},"end":{"line":420,"column":55}},"106":{"start":{"line":422,"column":8},"end":{"line":422,"column":72}},"107":{"start":{"line":430,"column":8},"end":{"line":430,"column":82}},"108":{"start":{"line":431,"column":8},"end":{"line":431,"column":58}},"109":{"start":{"line":432,"column":8},"end":{"line":432,"column":65}},"110":{"start":{"line":440,"column":8},"end":{"line":440,"column":55}},"111":{"start":{"line":441,"column":8},"end":{"line":441,"column":40}},"112":{"start":{"line":453,"column":8},"end":{"line":453,"column":42}},"113":{"start":{"line":454,"column":8},"end":{"line":454,"column":97}},"114":{"start":{"line":455,"column":8},"end":{"line":455,"column":99}},"115":{"start":{"line":456,"column":8},"end":{"line":456,"column":50}},"116":{"start":{"line":457,"column":8},"end":{"line":457,"column":61}},"117":{"start":{"line":458,"column":8},"end":{"line":458,"column":59}},"118":{"start":{"line":459,"column":8},"end":{"line":459,"column":65}},"119":{"start":{"line":468,"column":8},"end":{"line":468,"column":42}},"120":{"start":{"line":469,"column":8},"end":{"line":469,"column":97}},"121":{"start":{"line":470,"column":8},"end":{"line":470,"column":99}},"122":{"start":{"line":471,"column":8},"end":{"line":471,"column":33}},"123":{"start":{"line":472,"column":8},"end":{"line":472,"column":69}},"124":{"start":{"line":473,"column":8},"end":{"line":473,"column":91}},"125":{"start":{"line":474,"column":8},"end":{"line":474,"column":35}},"126":{"start":{"line":475,"column":8},"end":{"line":475,"column":59}},"127":{"start":{"line":476,"column":8},"end":{"line":476,"column":70}},"128":{"start":{"line":489,"column":8},"end":{"line":489,"column":38}},"129":{"start":{"line":490,"column":8},"end":{"line":490,"column":83}},"130":{"start":{"line":491,"column":8},"end":{"line":491,"column":35}},"131":{"start":{"line":493,"column":8},"end":{"line":493,"column":79}},"132":{"start":{"line":494,"column":8},"end":{"line":494,"column":69}},"133":{"start":{"line":495,"column":8},"end":{"line":495,"column":55}},"134":{"start":{"line":497,"column":8},"end":{"line":497,"column":72}},"135":{"start":{"line":505,"column":8},"end":{"line":505,"column":38}},"136":{"start":{"line":509,"column":8},"end":{"line":509,"column":52}},"137":{"start":{"line":517,"column":8},"end":{"line":517,"column":70}},"138":{"start":{"line":525,"column":8},"end":{"line":525,"column":98}},"139":{"start":{"line":526,"column":8},"end":{"line":526,"column":60}},"140":{"start":{"line":527,"column":8},"end":{"line":527,"column":68}},"141":{"start":{"line":528,"column":8},"end":{"line":528,"column":21156}},"142":{"start":{"line":531,"column":8},"end":{"line":531,"column":40}},"143":{"start":{"line":539,"column":8},"end":{"line":539,"column":62}},"144":{"start":{"line":547,"column":8},"end":{"line":547,"column":82}},"145":{"start":{"line":548,"column":8},"end":{"line":548,"column":21841}},"146":{"start":{"line":549,"column":12},"end":{"line":549,"column":20}},"147":{"start":{"line":551,"column":8},"end":{"line":551,"column":68}}},"branchMap":{"1":{"line":42,"type":"if","locations":[{"start":{"line":42,"column":8},"end":{"line":42,"column":8}},{"start":{"line":42,"column":8},"end":{"line":42,"column":8}}]},"2":{"line":43,"type":"if","locations":[{"start":{"line":43,"column":8},"end":{"line":43,"column":8}},{"start":{"line":43,"column":8},"end":{"line":43,"column":8}}]},"3":{"line":52,"type":"if","locations":[{"start":{"line":52,"column":8},"end":{"line":52,"column":8}},{"start":{"line":52,"column":8},"end":{"line":52,"column":8}}]},"4":{"line":60,"type":"if","locations":[{"start":{"line":60,"column":8},"end":{"line":60,"column":8}},{"start":{"line":60,"column":8},"end":{"line":60,"column":8}}]},"5":{"line":68,"type":"if","locations":[{"start":{"line":68,"column":8},"end":{"line":68,"column":8}},{"start":{"line":68,"column":8},"end":{"line":68,"column":8}}]},"6":{"line":76,"type":"if","locations":[{"start":{"line":76,"column":8},"end":{"line":76,"column":8}},{"start":{"line":76,"column":8},"end":{"line":76,"column":8}}]},"7":{"line":98,"type":"if","locations":[{"start":{"line":98,"column":8},"end":{"line":98,"column":8}},{"start":{"line":98,"column":8},"end":{"line":98,"column":8}}]},"8":{"line":109,"type":"if","locations":[{"start":{"line":109,"column":8},"end":{"line":109,"column":8}},{"start":{"line":109,"column":8},"end":{"line":109,"column":8}}]},"9":{"line":127,"type":"if","locations":[{"start":{"line":127,"column":8},"end":{"line":127,"column":8}},{"start":{"line":127,"column":8},"end":{"line":127,"column":8}}]},"10":{"line":158,"type":"if","locations":[{"start":{"line":158,"column":8},"end":{"line":158,"column":8}},{"start":{"line":158,"column":8},"end":{"line":158,"column":8}}]},"11":{"line":159,"type":"if","locations":[{"start":{"line":159,"column":8},"end":{"line":159,"column":8}},{"start":{"line":159,"column":8},"end":{"line":159,"column":8}}]},"12":{"line":165,"type":"if","locations":[{"start":{"line":165,"column":8},"end":{"line":165,"column":8}},{"start":{"line":165,"column":8},"end":{"line":165,"column":8}}]},"13":{"line":199,"type":"if","locations":[{"start":{"line":199,"column":8},"end":{"line":199,"column":8}},{"start":{"line":199,"column":8},"end":{"line":199,"column":8}}]},"14":{"line":218,"type":"if","locations":[{"start":{"line":218,"column":8},"end":{"line":218,"column":8}},{"start":{"line":218,"column":8},"end":{"line":218,"column":8}}]},"15":{"line":254,"type":"if","locations":[{"start":{"line":254,"column":8},"end":{"line":254,"column":8}},{"start":{"line":254,"column":8},"end":{"line":254,"column":8}}]},"16":{"line":268,"type":"if","locations":[{"start":{"line":268,"column":8},"end":{"line":268,"column":8}},{"start":{"line":268,"column":8},"end":{"line":268,"column":8}}]},"17":{"line":269,"type":"if","locations":[{"start":{"line":269,"column":8},"end":{"line":269,"column":8}},{"start":{"line":269,"column":8},"end":{"line":269,"column":8}}]},"18":{"line":294,"type":"if","locations":[{"start":{"line":294,"column":8},"end":{"line":294,"column":8}},{"start":{"line":294,"column":8},"end":{"line":294,"column":8}}]},"19":{"line":315,"type":"if","locations":[{"start":{"line":315,"column":8},"end":{"line":315,"column":8}},{"start":{"line":315,"column":8},"end":{"line":315,"column":8}}]},"20":{"line":320,"type":"if","locations":[{"start":{"line":320,"column":8},"end":{"line":320,"column":8}},{"start":{"line":320,"column":8},"end":{"line":320,"column":8}}]},"21":{"line":334,"type":"if","locations":[{"start":{"line":334,"column":8},"end":{"line":334,"column":8}},{"start":{"line":334,"column":8},"end":{"line":334,"column":8}}]},"22":{"line":337,"type":"if","locations":[{"start":{"line":337,"column":8},"end":{"line":337,"column":8}},{"start":{"line":337,"column":8},"end":{"line":337,"column":8}}]},"23":{"line":366,"type":"if","locations":[{"start":{"line":366,"column":12},"end":{"line":366,"column":12}},{"start":{"line":366,"column":12},"end":{"line":366,"column":12}}]},"24":{"line":454,"type":"if","locations":[{"start":{"line":454,"column":8},"end":{"line":454,"column":8}},{"start":{"line":454,"column":8},"end":{"line":454,"column":8}}]},"25":{"line":469,"type":"if","locations":[{"start":{"line":469,"column":8},"end":{"line":469,"column":8}},{"start":{"line":469,"column":8},"end":{"line":469,"column":8}}]},"26":{"line":526,"type":"if","locations":[{"start":{"line":526,"column":8},"end":{"line":526,"column":8}},{"start":{"line":526,"column":8},"end":{"line":526,"column":8}}]},"27":{"line":548,"type":"if","locations":[{"start":{"line":548,"column":8},"end":{"line":548,"column":8}},{"start":{"line":548,"column":8},"end":{"line":548,"column":8}}]}}},"contracts\\TokenFactory.sol":{"l":{"15":129,"26":9,"27":9,"28":9,"29":9},"path":"D:\\NAPA\\Blockchain\\RebakedDAO\\buildsmartcontract\\contracts\\TokenFactory.sol","s":{"1":129,"2":9,"3":9,"4":9,"5":9},"b":{"1":[9,0],"2":[9,0]},"f":{"1":129,"2":9},"fnMap":{"1":{"name":"setReBakedDao","line":13,"loc":{"start":{"line":11,"column":1},"end":{"line":16,"column":1}}},"2":{"name":"deployToken","line":22,"loc":{"start":{"line":22,"column":1},"end":{"line":30,"column":1}}}},"statementMap":{"1":{"start":{"line":15,"column":2},"end":{"line":15,"column":25}},"2":{"start":{"line":26,"column":2},"end":{"line":26,"column":67}},"3":{"start":{"line":27,"column":2},"end":{"line":27,"column":81}},"4":{"start":{"line":28,"column":2},"end":{"line":28,"column":58}},"5":{"start":{"line":29,"column":2},"end":{"line":29,"column":42}}},"branchMap":{"1":{"line":26,"type":"if","locations":[{"start":{"line":26,"column":2},"end":{"line":26,"column":2}},{"start":{"line":26,"column":2},"end":{"line":26,"column":2}}]},"2":{"line":27,"type":"if","locations":[{"start":{"line":27,"column":2},"end":{"line":27,"column":2}},{"start":{"line":27,"column":2},"end":{"line":27,"column":2}}]}}}}