{"contracts\\interfaces\\IIOUToken.sol":{"l":{},"path":"D:\\Projects\\Pioneer\\buildsmartcontract\\contracts\\interfaces\\IIOUToken.sol","s":{},"b":{},"f":{},"fnMap":{},"statementMap":{},"branchMap":{}},"contracts\\interfaces\\IReBakedDAO.sol":{"l":{},"path":"D:\\Projects\\Pioneer\\buildsmartcontract\\contracts\\interfaces\\IReBakedDAO.sol","s":{},"b":{},"f":{},"fnMap":{},"statementMap":{},"branchMap":{}},"contracts\\interfaces\\ITokenFactory.sol":{"l":{},"path":"D:\\Projects\\Pioneer\\buildsmartcontract\\contracts\\interfaces\\ITokenFactory.sol","s":{},"b":{},"f":{},"fnMap":{},"statementMap":{},"branchMap":{}},"contracts\\IOUToken.sol":{"l":{"10":405,"16":3},"path":"D:\\Projects\\Pioneer\\buildsmartcontract\\contracts\\IOUToken.sol","s":{"1":405,"2":3},"b":{},"f":{"1":405,"2":3},"fnMap":{"1":{"name":"constructor","line":8,"loc":{"start":{"line":7,"column":1},"end":{"line":11,"column":1}}},"2":{"name":"burn","line":13,"loc":{"start":{"line":13,"column":1},"end":{"line":17,"column":1}}}},"statementMap":{"1":{"start":{"line":10,"column":2},"end":{"line":10,"column":33}},"2":{"start":{"line":16,"column":2},"end":{"line":16,"column":27}}},"branchMap":{}},"contracts\\libraries\\CollaboratorLibrary.sol":{"l":{"10":167,"11":159,"21":163,"22":162,"23":162,"24":162,"28":0,"29":0,"33":5,"34":5,"35":5,"36":5,"44":92,"45":91,"54":14,"55":13,"63":8,"64":7,"65":6,"66":6,"74":4,"75":3,"76":3,"77":1,"78":1,"87":7,"88":6,"89":6,"90":4,"91":4,"95":24,"96":22,"97":22,"105":5,"106":5,"107":4,"108":3},"path":"D:\\Projects\\Pioneer\\buildsmartcontract\\contracts\\libraries\\CollaboratorLibrary.sol","s":{"1":167,"2":163,"3":92,"4":14,"5":8,"6":7,"7":6,"8":4,"9":3,"10":7,"11":6,"12":6,"13":4,"14":24,"15":22,"16":5,"17":5,"18":4},"b":{"1":[159,8],"2":[162,1],"3":[0,1],"4":[5,1],"5":[92,1],"6":[91,1],"7":[14,1],"8":[13,1],"9":[8,1],"10":[7,1],"11":[6,1],"12":[6,0],"13":[4,1],"14":[3,1],"15":[1,2],"16":[7,0],"17":[6,1],"18":[6,0],"19":[4,2],"20":[24,2],"21":[22,2],"22":[5,0],"23":[5,0],"24":[4,1],"25":[3,1]},"f":{"1":167,"2":163,"3":0,"4":5,"5":92,"6":14,"7":8,"8":4,"9":7,"10":24,"11":5},"fnMap":{"1":{"name":"onlyExistingCollaborator","line":9,"loc":{"start":{"line":9,"column":4},"end":{"line":12,"column":4}}},"2":{"name":"_addCollaborator","line":20,"loc":{"start":{"line":20,"column":4},"end":{"line":25,"column":4}}},"3":{"name":"_removeCollaboratorByInitiator","line":27,"loc":{"start":{"line":27,"column":4},"end":{"line":30,"column":4}}},"4":{"name":"_selfWithdraw","line":32,"loc":{"start":{"line":32,"column":4},"end":{"line":37,"column":4}}},"5":{"name":"_approveCollaborator","line":43,"loc":{"start":{"line":43,"column":4},"end":{"line":46,"column":4}}},"6":{"name":"_setBonusScore","line":53,"loc":{"start":{"line":53,"column":4},"end":{"line":56,"column":4}}},"7":{"name":"_raiseDispute","line":62,"loc":{"start":{"line":62,"column":4},"end":{"line":67,"column":4}}},"8":{"name":"_resolveDispute","line":73,"loc":{"start":{"line":73,"column":4},"end":{"line":80,"column":4}}},"9":{"name":"_claimMgp","line":86,"loc":{"start":{"line":86,"column":4},"end":{"line":92,"column":4}}},"10":{"name":"_payMgp","line":94,"loc":{"start":{"line":94,"column":4},"end":{"line":98,"column":4}}},"11":{"name":"_claimBonus","line":104,"loc":{"start":{"line":104,"column":4},"end":{"line":109,"column":4}}}},"statementMap":{"1":{"start":{"line":10,"column":8},"end":{"line":10,"column":97}},"2":{"start":{"line":21,"column":8},"end":{"line":21,"column":76}},"3":{"start":{"line":44,"column":8},"end":{"line":44,"column":83}},"4":{"start":{"line":54,"column":8},"end":{"line":54,"column":79}},"5":{"start":{"line":63,"column":8},"end":{"line":63,"column":77}},"6":{"start":{"line":64,"column":8},"end":{"line":64,"column":69}},"7":{"start":{"line":65,"column":8},"end":{"line":65,"column":73}},"8":{"start":{"line":74,"column":8},"end":{"line":74,"column":61}},"9":{"start":{"line":76,"column":8},"end":{"line":76,"column":3119}},"10":{"start":{"line":87,"column":8},"end":{"line":87,"column":75}},"11":{"start":{"line":88,"column":8},"end":{"line":88,"column":72}},"12":{"start":{"line":89,"column":8},"end":{"line":89,"column":66}},"13":{"start":{"line":91,"column":8},"end":{"line":91,"column":32}},"14":{"start":{"line":95,"column":8},"end":{"line":95,"column":66}},"15":{"start":{"line":97,"column":8},"end":{"line":97,"column":32}},"16":{"start":{"line":105,"column":8},"end":{"line":105,"column":75}},"17":{"start":{"line":106,"column":8},"end":{"line":106,"column":67}},"18":{"start":{"line":107,"column":8},"end":{"line":107,"column":70}}},"branchMap":{"1":{"line":10,"type":"if","locations":[{"start":{"line":10,"column":8},"end":{"line":10,"column":8}},{"start":{"line":10,"column":8},"end":{"line":10,"column":8}}]},"2":{"line":21,"type":"if","locations":[{"start":{"line":21,"column":8},"end":{"line":21,"column":8}},{"start":{"line":21,"column":8},"end":{"line":21,"column":8}}]},"3":{"line":27,"type":"if","locations":[{"start":{"line":27,"column":89},"end":{"line":27,"column":89}},{"start":{"line":27,"column":89},"end":{"line":27,"column":89}}]},"4":{"line":32,"type":"if","locations":[{"start":{"line":32,"column":72},"end":{"line":32,"column":72}},{"start":{"line":32,"column":72},"end":{"line":32,"column":72}}]},"5":{"line":43,"type":"if","locations":[{"start":{"line":43,"column":79},"end":{"line":43,"column":79}},{"start":{"line":43,"column":79},"end":{"line":43,"column":79}}]},"6":{"line":44,"type":"if","locations":[{"start":{"line":44,"column":8},"end":{"line":44,"column":8}},{"start":{"line":44,"column":8},"end":{"line":44,"column":8}}]},"7":{"line":53,"type":"if","locations":[{"start":{"line":53,"column":94},"end":{"line":53,"column":94}},{"start":{"line":53,"column":94},"end":{"line":53,"column":94}}]},"8":{"line":54,"type":"if","locations":[{"start":{"line":54,"column":8},"end":{"line":54,"column":8}},{"start":{"line":54,"column":8},"end":{"line":54,"column":8}}]},"9":{"line":62,"type":"if","locations":[{"start":{"line":62,"column":72},"end":{"line":62,"column":72}},{"start":{"line":62,"column":72},"end":{"line":62,"column":72}}]},"10":{"line":63,"type":"if","locations":[{"start":{"line":63,"column":8},"end":{"line":63,"column":8}},{"start":{"line":63,"column":8},"end":{"line":63,"column":8}}]},"11":{"line":64,"type":"if","locations":[{"start":{"line":64,"column":8},"end":{"line":64,"column":8}},{"start":{"line":64,"column":8},"end":{"line":64,"column":8}}]},"12":{"line":65,"type":"if","locations":[{"start":{"line":65,"column":8},"end":{"line":65,"column":8}},{"start":{"line":65,"column":8},"end":{"line":65,"column":8}}]},"13":{"line":73,"type":"if","locations":[{"start":{"line":73,"column":89},"end":{"line":73,"column":89}},{"start":{"line":73,"column":89},"end":{"line":73,"column":89}}]},"14":{"line":74,"type":"if","locations":[{"start":{"line":74,"column":8},"end":{"line":74,"column":8}},{"start":{"line":74,"column":8},"end":{"line":74,"column":8}}]},"15":{"line":76,"type":"if","locations":[{"start":{"line":76,"column":8},"end":{"line":76,"column":8}},{"start":{"line":76,"column":8},"end":{"line":76,"column":8}}]},"16":{"line":86,"type":"if","locations":[{"start":{"line":86,"column":68},"end":{"line":86,"column":68}},{"start":{"line":86,"column":68},"end":{"line":86,"column":68}}]},"17":{"line":87,"type":"if","locations":[{"start":{"line":87,"column":8},"end":{"line":87,"column":8}},{"start":{"line":87,"column":8},"end":{"line":87,"column":8}}]},"18":{"line":88,"type":"if","locations":[{"start":{"line":88,"column":8},"end":{"line":88,"column":8}},{"start":{"line":88,"column":8},"end":{"line":88,"column":8}}]},"19":{"line":89,"type":"if","locations":[{"start":{"line":89,"column":8},"end":{"line":89,"column":8}},{"start":{"line":89,"column":8},"end":{"line":89,"column":8}}]},"20":{"line":94,"type":"if","locations":[{"start":{"line":94,"column":66},"end":{"line":94,"column":66}},{"start":{"line":94,"column":66},"end":{"line":94,"column":66}}]},"21":{"line":95,"type":"if","locations":[{"start":{"line":95,"column":8},"end":{"line":95,"column":8}},{"start":{"line":95,"column":8},"end":{"line":95,"column":8}}]},"22":{"line":104,"type":"if","locations":[{"start":{"line":104,"column":70},"end":{"line":104,"column":70}},{"start":{"line":104,"column":70},"end":{"line":104,"column":70}}]},"23":{"line":105,"type":"if","locations":[{"start":{"line":105,"column":8},"end":{"line":105,"column":8}},{"start":{"line":105,"column":8},"end":{"line":105,"column":8}}]},"24":{"line":106,"type":"if","locations":[{"start":{"line":106,"column":8},"end":{"line":106,"column":8}},{"start":{"line":106,"column":8},"end":{"line":106,"column":8}}]},"25":{"line":107,"type":"if","locations":[{"start":{"line":107,"column":8},"end":{"line":107,"column":8}},{"start":{"line":107,"column":8},"end":{"line":107,"column":8}}]}}},"contracts\\libraries\\ObserverLibrary.sol":{"l":{"11":28,"12":24,"16":65,"17":64,"18":64,"22":7,"26":17,"27":15},"path":"D:\\Projects\\Pioneer\\buildsmartcontract\\contracts\\libraries\\ObserverLibrary.sol","s":{"1":28,"2":65,"3":17},"b":{"1":[24,4],"2":[64,1],"3":[7,1],"4":[17,3],"5":[15,2]},"f":{"1":28,"2":65,"3":7,"4":17},"fnMap":{"1":{"name":"onlyExistingObserver","line":10,"loc":{"start":{"line":10,"column":4},"end":{"line":13,"column":4}}},"2":{"name":"_addObserver","line":15,"loc":{"start":{"line":15,"column":4},"end":{"line":19,"column":4}}},"3":{"name":"_removeObserver","line":21,"loc":{"start":{"line":21,"column":4},"end":{"line":23,"column":4}}},"4":{"name":"_claimObserverFee","line":25,"loc":{"start":{"line":25,"column":4},"end":{"line":28,"column":4}}}},"statementMap":{"1":{"start":{"line":11,"column":8},"end":{"line":11,"column":85}},"2":{"start":{"line":16,"column":8},"end":{"line":16,"column":68}},"3":{"start":{"line":26,"column":8},"end":{"line":26,"column":64}}},"branchMap":{"1":{"line":11,"type":"if","locations":[{"start":{"line":11,"column":8},"end":{"line":11,"column":8}},{"start":{"line":11,"column":8},"end":{"line":11,"column":8}}]},"2":{"line":16,"type":"if","locations":[{"start":{"line":16,"column":8},"end":{"line":16,"column":8}},{"start":{"line":16,"column":8},"end":{"line":16,"column":8}}]},"3":{"line":21,"type":"if","locations":[{"start":{"line":21,"column":66},"end":{"line":21,"column":66}},{"start":{"line":21,"column":66},"end":{"line":21,"column":66}}]},"4":{"line":25,"type":"if","locations":[{"start":{"line":25,"column":68},"end":{"line":25,"column":68}},{"start":{"line":25,"column":68},"end":{"line":25,"column":68}}]},"5":{"line":26,"type":"if","locations":[{"start":{"line":26,"column":8},"end":{"line":26,"column":8}},{"start":{"line":26,"column":8},"end":{"line":26,"column":8}}]}}},"contracts\\libraries\\PackageLibrary.sol":{"l":{"14":432,"15":428,"19":386,"20":378,"37":151,"38":149,"39":149,"40":149,"41":149,"42":149,"43":149,"44":149,"48":16,"49":15,"50":15,"58":62,"59":61,"60":60,"68":6,"69":5,"70":5,"79":160,"80":159,"81":158,"82":157,"83":157,"97":91,"98":91,"99":1,"100":1,"102":90,"111":3,"112":2,"113":2,"114":2,"123":30,"124":29,"125":28,"126":27,"127":27,"128":27,"129":27,"130":27,"139":7,"140":6,"141":5,"149":16,"150":16,"151":16,"152":16,"153":16,"161":15,"162":13,"171":4,"172":3,"176":22,"185":3,"186":3,"187":3,"188":3},"path":"D:\\Projects\\Pioneer\\buildsmartcontract\\contracts\\libraries\\PackageLibrary.sol","s":{"1":432,"2":386,"3":151,"4":16,"5":62,"6":61,"7":6,"8":5,"9":160,"10":159,"11":158,"12":91,"13":91,"14":3,"15":2,"16":30,"17":29,"18":28,"19":27,"20":27,"21":27,"22":7,"23":6,"24":16,"25":0,"26":16,"27":0,"28":16,"29":16,"30":16,"31":15,"32":4,"33":3,"34":3},"b":{"1":[428,4],"2":[378,8],"3":[149,2],"4":[17,1],"5":[16,1],"6":[15,1],"7":[63,1],"8":[62,1],"9":[61,1],"10":[60,1],"11":[7,0],"12":[6,1],"13":[5,1],"14":[5,0],"15":[161,1],"16":[160,1],"17":[159,1],"18":[158,1],"19":[157,1],"20":[92,0],"21":[91,1],"22":[91,0],"23":[1,90],"24":[4,0],"25":[3,1],"26":[2,1],"27":[1,1],"28":[31,1],"29":[30,1],"30":[29,1],"31":[28,1],"32":[27,1],"33":[17,10],"34":[3,24],"35":[8,0],"36":[7,1],"37":[6,1],"38":[5,1],"39":[16,0],"40":[0,16],"41":[0,16],"42":[13,3],"43":[13,2],"44":[10,3],"45":[4,0],"46":[3,1],"47":[22,0],"48":[3,0],"49":[3,0],"50":[3,0],"51":[3,0]},"f":{"1":432,"2":386,"3":151,"4":16,"5":62,"6":6,"7":160,"8":91,"9":3,"10":30,"11":7,"12":16,"13":15,"14":4,"15":22,"16":3},"fnMap":{"1":{"name":"onlyExistingPackage","line":13,"loc":{"start":{"line":13,"column":4},"end":{"line":16,"column":4}}},"2":{"name":"activePackage","line":18,"loc":{"start":{"line":18,"column":4},"end":{"line":21,"column":4}}},"3":{"name":"_createPackage","line":30,"loc":{"start":{"line":30,"column":4},"end":{"line":45,"column":4}}},"4":{"name":"_cancelPackage","line":47,"loc":{"start":{"line":47,"column":4},"end":{"line":51,"column":4}}},"5":{"name":"_addObserver","line":57,"loc":{"start":{"line":57,"column":4},"end":{"line":61,"column":4}}},"6":{"name":"_removeObserver","line":67,"loc":{"start":{"line":67,"column":4},"end":{"line":71,"column":4}}},"7":{"name":"_reserveCollaboratorsBudget","line":78,"loc":{"start":{"line":78,"column":4},"end":{"line":84,"column":4}}},"8":{"name":"_approveCollaborator","line":96,"loc":{"start":{"line":92,"column":4},"end":{"line":104,"column":4}}},"9":{"name":"_removeCollaborator","line":110,"loc":{"start":{"line":106,"column":4},"end":{"line":115,"column":4}}},"10":{"name":"_finishPackage","line":122,"loc":{"start":{"line":122,"column":4},"end":{"line":131,"column":4}}},"11":{"name":"_setBonusScores","line":138,"loc":{"start":{"line":138,"column":4},"end":{"line":142,"column":4}}},"12":{"name":"_getObserverFee","line":148,"loc":{"start":{"line":148,"column":4},"end":{"line":154,"column":4}}},"13":{"name":"_claimObserverFee","line":160,"loc":{"start":{"line":160,"column":4},"end":{"line":163,"column":4}}},"14":{"name":"_claimMgp","line":170,"loc":{"start":{"line":170,"column":4},"end":{"line":173,"column":4}}},"15":{"name":"_payMgp","line":175,"loc":{"start":{"line":175,"column":4},"end":{"line":177,"column":4}}},"16":{"name":"_claimBonus","line":184,"loc":{"start":{"line":184,"column":4},"end":{"line":189,"column":4}}}},"statementMap":{"1":{"start":{"line":14,"column":8},"end":{"line":14,"column":59}},"2":{"start":{"line":19,"column":8},"end":{"line":19,"column":54}},"3":{"start":{"line":37,"column":8},"end":{"line":37,"column":127}},"4":{"start":{"line":48,"column":8},"end":{"line":48,"column":70}},"5":{"start":{"line":58,"column":8},"end":{"line":58,"column":70}},"6":{"start":{"line":59,"column":8},"end":{"line":59,"column":80}},"7":{"start":{"line":68,"column":8},"end":{"line":68,"column":70}},"8":{"start":{"line":69,"column":8},"end":{"line":69,"column":70}},"9":{"start":{"line":79,"column":8},"end":{"line":79,"column":70}},"10":{"start":{"line":80,"column":8},"end":{"line":80,"column":103}},"11":{"start":{"line":81,"column":8},"end":{"line":81,"column":100}},"12":{"start":{"line":97,"column":8},"end":{"line":97,"column":70}},"13":{"start":{"line":98,"column":8},"end":{"line":98,"column":3846}},"14":{"start":{"line":111,"column":8},"end":{"line":111,"column":70}},"15":{"start":{"line":114,"column":8},"end":{"line":114,"column":55}},"16":{"start":{"line":123,"column":8},"end":{"line":123,"column":70}},"17":{"start":{"line":124,"column":8},"end":{"line":124,"column":78}},"18":{"start":{"line":125,"column":8},"end":{"line":125,"column":110}},"19":{"start":{"line":127,"column":8},"end":{"line":127,"column":81}},"20":{"start":{"line":128,"column":8},"end":{"line":128,"column":75}},"21":{"start":{"line":130,"column":8},"end":{"line":130,"column":26}},"22":{"start":{"line":139,"column":8},"end":{"line":139,"column":55}},"23":{"start":{"line":140,"column":8},"end":{"line":140,"column":68}},"24":{"start":{"line":149,"column":8},"end":{"line":149,"column":50}},"25":{"start":{"line":149,"column":42},"end":{"line":149,"column":50}},"26":{"start":{"line":150,"column":8},"end":{"line":150,"column":78}},"27":{"start":{"line":150,"column":70},"end":{"line":150,"column":78}},"28":{"start":{"line":151,"column":8},"end":{"line":151,"column":81}},"29":{"start":{"line":152,"column":8},"end":{"line":152,"column":76}},"30":{"start":{"line":153,"column":8},"end":{"line":153,"column":58}},"31":{"start":{"line":161,"column":8},"end":{"line":161,"column":106}},"32":{"start":{"line":171,"column":8},"end":{"line":171,"column":74}},"33":{"start":{"line":185,"column":8},"end":{"line":185,"column":65}},"34":{"start":{"line":186,"column":8},"end":{"line":186,"column":58}}},"branchMap":{"1":{"line":14,"type":"if","locations":[{"start":{"line":14,"column":8},"end":{"line":14,"column":8}},{"start":{"line":14,"column":8},"end":{"line":14,"column":8}}]},"2":{"line":19,"type":"if","locations":[{"start":{"line":19,"column":8},"end":{"line":19,"column":8}},{"start":{"line":19,"column":8},"end":{"line":19,"column":8}}]},"3":{"line":37,"type":"if","locations":[{"start":{"line":37,"column":8},"end":{"line":37,"column":8}},{"start":{"line":37,"column":8},"end":{"line":37,"column":8}}]},"4":{"line":47,"type":"if","locations":[{"start":{"line":47,"column":63},"end":{"line":47,"column":63}},{"start":{"line":47,"column":63},"end":{"line":47,"column":63}}]},"5":{"line":47,"type":"if","locations":[{"start":{"line":47,"column":93},"end":{"line":47,"column":93}},{"start":{"line":47,"column":93},"end":{"line":47,"column":93}}]},"6":{"line":48,"type":"if","locations":[{"start":{"line":48,"column":8},"end":{"line":48,"column":8}},{"start":{"line":48,"column":8},"end":{"line":48,"column":8}}]},"7":{"line":57,"type":"if","locations":[{"start":{"line":57,"column":61},"end":{"line":57,"column":61}},{"start":{"line":57,"column":61},"end":{"line":57,"column":61}}]},"8":{"line":57,"type":"if","locations":[{"start":{"line":57,"column":91},"end":{"line":57,"column":91}},{"start":{"line":57,"column":91},"end":{"line":57,"column":91}}]},"9":{"line":58,"type":"if","locations":[{"start":{"line":58,"column":8},"end":{"line":58,"column":8}},{"start":{"line":58,"column":8},"end":{"line":58,"column":8}}]},"10":{"line":59,"type":"if","locations":[{"start":{"line":59,"column":8},"end":{"line":59,"column":8}},{"start":{"line":59,"column":8},"end":{"line":59,"column":8}}]},"11":{"line":67,"type":"if","locations":[{"start":{"line":67,"column":64},"end":{"line":67,"column":64}},{"start":{"line":67,"column":64},"end":{"line":67,"column":64}}]},"12":{"line":67,"type":"if","locations":[{"start":{"line":67,"column":94},"end":{"line":67,"column":94}},{"start":{"line":67,"column":94},"end":{"line":67,"column":94}}]},"13":{"line":68,"type":"if","locations":[{"start":{"line":68,"column":8},"end":{"line":68,"column":8}},{"start":{"line":68,"column":8},"end":{"line":68,"column":8}}]},"14":{"line":69,"type":"if","locations":[{"start":{"line":69,"column":8},"end":{"line":69,"column":8}},{"start":{"line":69,"column":8},"end":{"line":69,"column":8}}]},"15":{"line":78,"type":"if","locations":[{"start":{"line":78,"column":93},"end":{"line":78,"column":93}},{"start":{"line":78,"column":93},"end":{"line":78,"column":93}}]},"16":{"line":78,"type":"if","locations":[{"start":{"line":78,"column":123},"end":{"line":78,"column":123}},{"start":{"line":78,"column":123},"end":{"line":78,"column":123}}]},"17":{"line":79,"type":"if","locations":[{"start":{"line":79,"column":8},"end":{"line":79,"column":8}},{"start":{"line":79,"column":8},"end":{"line":79,"column":8}}]},"18":{"line":80,"type":"if","locations":[{"start":{"line":80,"column":8},"end":{"line":80,"column":8}},{"start":{"line":80,"column":8},"end":{"line":80,"column":8}}]},"19":{"line":81,"type":"if","locations":[{"start":{"line":81,"column":8},"end":{"line":81,"column":8}},{"start":{"line":81,"column":8},"end":{"line":81,"column":8}}]},"20":{"line":96,"type":"if","locations":[{"start":{"line":96,"column":15},"end":{"line":96,"column":15}},{"start":{"line":96,"column":15},"end":{"line":96,"column":15}}]},"21":{"line":96,"type":"if","locations":[{"start":{"line":96,"column":45},"end":{"line":96,"column":45}},{"start":{"line":96,"column":45},"end":{"line":96,"column":45}}]},"22":{"line":97,"type":"if","locations":[{"start":{"line":97,"column":8},"end":{"line":97,"column":8}},{"start":{"line":97,"column":8},"end":{"line":97,"column":8}}]},"23":{"line":98,"type":"if","locations":[{"start":{"line":98,"column":8},"end":{"line":98,"column":8}},{"start":{"line":98,"column":8},"end":{"line":98,"column":8}}]},"24":{"line":110,"type":"if","locations":[{"start":{"line":110,"column":15},"end":{"line":110,"column":15}},{"start":{"line":110,"column":15},"end":{"line":110,"column":15}}]},"25":{"line":110,"type":"if","locations":[{"start":{"line":110,"column":45},"end":{"line":110,"column":45}},{"start":{"line":110,"column":45},"end":{"line":110,"column":45}}]},"26":{"line":111,"type":"if","locations":[{"start":{"line":111,"column":8},"end":{"line":111,"column":8}},{"start":{"line":111,"column":8},"end":{"line":111,"column":8}}]},"27":{"line":114,"type":"if","locations":[{"start":{"line":114,"column":8},"end":{"line":114,"column":8}},{"start":{"line":114,"column":8},"end":{"line":114,"column":8}}]},"28":{"line":122,"type":"if","locations":[{"start":{"line":122,"column":63},"end":{"line":122,"column":63}},{"start":{"line":122,"column":63},"end":{"line":122,"column":63}}]},"29":{"line":122,"type":"if","locations":[{"start":{"line":122,"column":93},"end":{"line":122,"column":93}},{"start":{"line":122,"column":93},"end":{"line":122,"column":93}}]},"30":{"line":123,"type":"if","locations":[{"start":{"line":123,"column":8},"end":{"line":123,"column":8}},{"start":{"line":123,"column":8},"end":{"line":123,"column":8}}]},"31":{"line":124,"type":"if","locations":[{"start":{"line":124,"column":8},"end":{"line":124,"column":8}},{"start":{"line":124,"column":8},"end":{"line":124,"column":8}}]},"32":{"line":125,"type":"if","locations":[{"start":{"line":125,"column":8},"end":{"line":125,"column":8}},{"start":{"line":125,"column":8},"end":{"line":125,"column":8}}]},"33":{"line":127,"type":"if","locations":[{"start":{"line":127,"column":8},"end":{"line":127,"column":8}},{"start":{"line":127,"column":8},"end":{"line":127,"column":8}}]},"34":{"line":128,"type":"if","locations":[{"start":{"line":128,"column":8},"end":{"line":128,"column":8}},{"start":{"line":128,"column":8},"end":{"line":128,"column":8}}]},"35":{"line":138,"type":"if","locations":[{"start":{"line":138,"column":96},"end":{"line":138,"column":96}},{"start":{"line":138,"column":96},"end":{"line":138,"column":96}}]},"36":{"line":138,"type":"if","locations":[{"start":{"line":138,"column":126},"end":{"line":138,"column":126}},{"start":{"line":138,"column":126},"end":{"line":138,"column":126}}]},"37":{"line":139,"type":"if","locations":[{"start":{"line":139,"column":8},"end":{"line":139,"column":8}},{"start":{"line":139,"column":8},"end":{"line":139,"column":8}}]},"38":{"line":140,"type":"if","locations":[{"start":{"line":140,"column":8},"end":{"line":140,"column":8}},{"start":{"line":140,"column":8},"end":{"line":140,"column":8}}]},"39":{"line":148,"type":"if","locations":[{"start":{"line":148,"column":69},"end":{"line":148,"column":69}},{"start":{"line":148,"column":69},"end":{"line":148,"column":69}}]},"40":{"line":149,"type":"if","locations":[{"start":{"line":149,"column":8},"end":{"line":149,"column":8}},{"start":{"line":149,"column":8},"end":{"line":149,"column":8}}]},"41":{"line":150,"type":"if","locations":[{"start":{"line":150,"column":8},"end":{"line":150,"column":8}},{"start":{"line":150,"column":8},"end":{"line":150,"column":8}}]},"42":{"line":153,"type":"if","locations":[{"start":{"line":153,"column":41},"end":{"line":153,"column":47}},{"start":{"line":153,"column":51},"end":{"line":153,"column":57}}]},"43":{"line":161,"type":"if","locations":[{"start":{"line":161,"column":8},"end":{"line":161,"column":8}},{"start":{"line":161,"column":8},"end":{"line":161,"column":8}}]},"44":{"line":161,"type":"cond-expr","locations":[{"start":{"line":161,"column":16},"end":{"line":161,"column":40}},{"start":{"line":161,"column":45},"end":{"line":161,"column":69}}]},"45":{"line":170,"type":"if","locations":[{"start":{"line":170,"column":75},"end":{"line":170,"column":75}},{"start":{"line":170,"column":75},"end":{"line":170,"column":75}}]},"46":{"line":171,"type":"if","locations":[{"start":{"line":171,"column":8},"end":{"line":171,"column":8}},{"start":{"line":171,"column":8},"end":{"line":171,"column":8}}]},"47":{"line":175,"type":"if","locations":[{"start":{"line":175,"column":73},"end":{"line":175,"column":73}},{"start":{"line":175,"column":73},"end":{"line":175,"column":73}}]},"48":{"line":184,"type":"if","locations":[{"start":{"line":184,"column":77},"end":{"line":184,"column":77}},{"start":{"line":184,"column":77},"end":{"line":184,"column":77}}]},"49":{"line":184,"type":"if","locations":[{"start":{"line":184,"column":107},"end":{"line":184,"column":107}},{"start":{"line":184,"column":107},"end":{"line":184,"column":107}}]},"50":{"line":185,"type":"if","locations":[{"start":{"line":185,"column":8},"end":{"line":185,"column":8}},{"start":{"line":185,"column":8},"end":{"line":185,"column":8}}]},"51":{"line":186,"type":"if","locations":[{"start":{"line":186,"column":8},"end":{"line":186,"column":8}},{"start":{"line":186,"column":8},"end":{"line":186,"column":8}}]}}},"contracts\\libraries\\ProjectLibrary.sol":{"l":{"15":160,"16":159,"30":126,"31":126,"32":126,"33":126,"34":126,"42":118,"43":117,"52":116,"53":115,"54":114,"55":105,"57":9,"59":113,"68":7,"69":6,"70":5,"71":4,"72":4,"73":4,"74":4,"75":1,"76":1,"77":1,"78":1,"95":154,"96":153,"97":152,"98":152,"99":151,"100":151,"104":11,"105":11,"106":11,"107":11,"117":27,"118":27,"127":41,"128":41},"path":"D:\\Projects\\Pioneer\\buildsmartcontract\\contracts\\libraries\\ProjectLibrary.sol","s":{"1":160,"2":118,"3":116,"4":115,"5":114,"6":105,"7":7,"8":6,"9":5,"10":4,"11":4,"12":4,"13":1,"14":1,"15":1,"16":3,"17":154,"18":153,"19":152,"20":152,"21":11,"22":11,"23":27,"24":41},"b":{"1":[159,1],"2":[118,1],"3":[117,1],"4":[115,1],"5":[114,1],"6":[105,9],"7":[6,1],"8":[5,1],"9":[4,1],"10":[4,0],"11":[1,3],"12":[153,1],"13":[152,1],"14":[151,1],"15":[11,0],"16":[11,0],"17":[26,1],"18":[41,0]},"f":{"1":160,"2":126,"3":118,"4":116,"5":7,"6":154,"7":11,"8":27,"9":41},"fnMap":{"1":{"name":"onlyExistingProject","line":14,"loc":{"start":{"line":14,"column":4},"end":{"line":17,"column":4}}},"2":{"name":"_createProject","line":25,"loc":{"start":{"line":25,"column":4},"end":{"line":35,"column":4}}},"3":{"name":"_approveProject","line":41,"loc":{"start":{"line":41,"column":4},"end":{"line":44,"column":4}}},"4":{"name":"_startProject","line":51,"loc":{"start":{"line":51,"column":4},"end":{"line":60,"column":4}}},"5":{"name":"_finishProject","line":67,"loc":{"start":{"line":67,"column":4},"end":{"line":81,"column":4}}},"6":{"name":"_reservePackagesBudget","line":90,"loc":{"start":{"line":90,"column":4},"end":{"line":101,"column":4}}},"7":{"name":"_revertPackageBudget","line":103,"loc":{"start":{"line":103,"column":4},"end":{"line":108,"column":4}}},"8":{"name":"_finishPackage","line":116,"loc":{"start":{"line":116,"column":4},"end":{"line":119,"column":4}}},"9":{"name":"_pay","line":126,"loc":{"start":{"line":126,"column":4},"end":{"line":129,"column":4}}}},"statementMap":{"1":{"start":{"line":15,"column":8},"end":{"line":15,"column":59}},"2":{"start":{"line":42,"column":8},"end":{"line":42,"column":70}},"3":{"start":{"line":52,"column":8},"end":{"line":52,"column":68}},"4":{"start":{"line":53,"column":8},"end":{"line":53,"column":68}},"5":{"start":{"line":54,"column":8},"end":{"line":54,"column":1908}},"6":{"start":{"line":55,"column":12},"end":{"line":55,"column":94}},"7":{"start":{"line":68,"column":8},"end":{"line":68,"column":67}},"8":{"start":{"line":69,"column":8},"end":{"line":69,"column":70}},"9":{"start":{"line":70,"column":8},"end":{"line":70,"column":100}},"10":{"start":{"line":72,"column":8},"end":{"line":72,"column":72}},"11":{"start":{"line":73,"column":8},"end":{"line":73,"column":2895}},"12":{"start":{"line":74,"column":12},"end":{"line":74,"column":2984}},"13":{"start":{"line":75,"column":16},"end":{"line":75,"column":63}},"14":{"start":{"line":77,"column":16},"end":{"line":77,"column":85}},"15":{"start":{"line":78,"column":16},"end":{"line":78,"column":74}},"16":{"start":{"line":79,"column":19},"end":{"line":79,"column":61}},"17":{"start":{"line":95,"column":8},"end":{"line":95,"column":66}},"18":{"start":{"line":96,"column":8},"end":{"line":96,"column":65}},"19":{"start":{"line":97,"column":8},"end":{"line":97,"column":84}},"20":{"start":{"line":98,"column":8},"end":{"line":98,"column":89}},"21":{"start":{"line":104,"column":8},"end":{"line":104,"column":66}},"22":{"start":{"line":105,"column":8},"end":{"line":105,"column":65}},"23":{"start":{"line":117,"column":8},"end":{"line":117,"column":68}},"24":{"start":{"line":128,"column":8},"end":{"line":128,"column":62}}},"branchMap":{"1":{"line":15,"type":"if","locations":[{"start":{"line":15,"column":8},"end":{"line":15,"column":8}},{"start":{"line":15,"column":8},"end":{"line":15,"column":8}}]},"2":{"line":41,"type":"if","locations":[{"start":{"line":41,"column":64},"end":{"line":41,"column":64}},{"start":{"line":41,"column":64},"end":{"line":41,"column":64}}]},"3":{"line":42,"type":"if","locations":[{"start":{"line":42,"column":8},"end":{"line":42,"column":8}},{"start":{"line":42,"column":8},"end":{"line":42,"column":8}}]},"4":{"line":52,"type":"if","locations":[{"start":{"line":52,"column":8},"end":{"line":52,"column":8}},{"start":{"line":52,"column":8},"end":{"line":52,"column":8}}]},"5":{"line":53,"type":"if","locations":[{"start":{"line":53,"column":8},"end":{"line":53,"column":8}},{"start":{"line":53,"column":8},"end":{"line":53,"column":8}}]},"6":{"line":54,"type":"if","locations":[{"start":{"line":54,"column":8},"end":{"line":54,"column":8}},{"start":{"line":54,"column":8},"end":{"line":54,"column":8}}]},"7":{"line":68,"type":"if","locations":[{"start":{"line":68,"column":8},"end":{"line":68,"column":8}},{"start":{"line":68,"column":8},"end":{"line":68,"column":8}}]},"8":{"line":69,"type":"if","locations":[{"start":{"line":69,"column":8},"end":{"line":69,"column":8}},{"start":{"line":69,"column":8},"end":{"line":69,"column":8}}]},"9":{"line":70,"type":"if","locations":[{"start":{"line":70,"column":8},"end":{"line":70,"column":8}},{"start":{"line":70,"column":8},"end":{"line":70,"column":8}}]},"10":{"line":73,"type":"if","locations":[{"start":{"line":73,"column":8},"end":{"line":73,"column":8}},{"start":{"line":73,"column":8},"end":{"line":73,"column":8}}]},"11":{"line":74,"type":"if","locations":[{"start":{"line":74,"column":12},"end":{"line":74,"column":12}},{"start":{"line":74,"column":12},"end":{"line":74,"column":12}}]},"12":{"line":95,"type":"if","locations":[{"start":{"line":95,"column":8},"end":{"line":95,"column":8}},{"start":{"line":95,"column":8},"end":{"line":95,"column":8}}]},"13":{"line":96,"type":"if","locations":[{"start":{"line":96,"column":8},"end":{"line":96,"column":8}},{"start":{"line":96,"column":8},"end":{"line":96,"column":8}}]},"14":{"line":98,"type":"if","locations":[{"start":{"line":98,"column":8},"end":{"line":98,"column":8}},{"start":{"line":98,"column":8},"end":{"line":98,"column":8}}]},"15":{"line":104,"type":"if","locations":[{"start":{"line":104,"column":8},"end":{"line":104,"column":8}},{"start":{"line":104,"column":8},"end":{"line":104,"column":8}}]},"16":{"line":105,"type":"if","locations":[{"start":{"line":105,"column":8},"end":{"line":105,"column":8}},{"start":{"line":105,"column":8},"end":{"line":105,"column":8}}]},"17":{"line":117,"type":"if","locations":[{"start":{"line":117,"column":8},"end":{"line":117,"column":8}},{"start":{"line":117,"column":8},"end":{"line":117,"column":8}}]},"18":{"line":126,"type":"if","locations":[{"start":{"line":126,"column":89},"end":{"line":126,"column":89}},{"start":{"line":126,"column":89},"end":{"line":126,"column":89}}]}}},"contracts\\libraries\\Structs.sol":{"l":{},"path":"D:\\Projects\\Pioneer\\buildsmartcontract\\contracts\\libraries\\Structs.sol","s":{},"b":{},"f":{},"fnMap":{},"statementMap":{},"branchMap":{}},"contracts\\ReBakedDAO.sol":{"l":{"42":398,"43":397,"44":396,"45":396,"52":447,"53":444,"60":0,"61":0,"68":15,"69":14,"76":598,"77":585,"89":277,"97":126,"98":126,"108":151,"109":151,"117":116,"118":116,"119":113,"127":3,"128":2,"132":119,"133":117,"141":14,"157":13,"158":13,"159":12,"160":11,"161":11,"162":15,"163":13,"165":9,"166":8,"167":5,"197":5,"198":3,"199":3,"200":2,"215":126,"216":126,"217":126,"218":126,"219":105,"220":105,"229":11,"247":154,"248":154,"249":154,"250":154,"251":151,"252":151,"253":151,"254":149,"255":146,"257":149,"266":18,"267":18,"268":15,"269":14,"270":13,"271":18,"273":12,"274":4,"276":11,"277":11,"278":11,"294":164,"295":163,"296":162,"297":157,"313":94,"314":94,"315":94,"316":93,"318":1,"321":92,"322":92,"324":91,"333":11,"335":10,"336":10,"337":1,"338":0,"340":9,"341":6,"346":5,"347":5,"348":5,"349":4,"350":2,"364":51,"365":66,"366":65,"367":64,"369":45,"383":6,"384":8,"385":8,"386":7,"387":7,"396":24,"404":26,"405":22,"406":22,"407":22,"415":11,"417":8,"418":8,"419":7,"421":7,"429":32,"430":27,"431":27,"439":7,"440":4,"452":9,"453":9,"454":7,"455":7,"456":4,"457":3,"458":3,"467":8,"468":8,"469":5,"470":5,"471":3,"472":3,"473":3,"474":3,"475":3,"488":9,"489":9,"490":9,"492":7,"493":7,"494":6,"496":6,"504":21,"508":33,"516":21,"524":3,"525":3,"526":3,"527":3,"530":3,"538":11,"546":6,"547":6,"548":5,"550":1},"path":"D:\\Projects\\Pioneer\\buildsmartcontract\\contracts\\ReBakedDAO.sol","s":{"1":398,"2":397,"3":447,"4":0,"5":15,"6":598,"7":277,"8":126,"9":151,"10":116,"11":116,"12":113,"13":3,"14":119,"15":117,"16":14,"17":13,"18":13,"19":12,"20":11,"21":11,"22":15,"23":9,"24":8,"25":5,"26":5,"27":3,"28":2,"29":126,"30":126,"31":126,"32":126,"33":105,"34":105,"35":11,"36":154,"37":154,"38":154,"39":154,"40":151,"41":151,"42":151,"43":149,"44":146,"45":149,"46":18,"47":18,"48":15,"49":14,"50":13,"51":18,"52":12,"53":4,"54":11,"55":11,"56":164,"57":163,"58":162,"59":157,"60":94,"61":94,"62":94,"63":93,"64":1,"65":92,"66":91,"67":11,"68":10,"69":10,"70":1,"71":0,"72":9,"73":5,"74":5,"75":5,"76":4,"77":51,"78":66,"79":65,"80":64,"81":45,"82":6,"83":8,"84":8,"85":7,"86":7,"87":24,"88":26,"89":22,"90":22,"91":22,"92":11,"93":8,"94":8,"95":7,"96":7,"97":32,"98":27,"99":27,"100":7,"101":4,"102":9,"103":9,"104":7,"105":7,"106":4,"107":3,"108":3,"109":8,"110":8,"111":5,"112":5,"113":3,"114":3,"115":3,"116":3,"117":3,"118":9,"119":9,"120":9,"121":7,"122":7,"123":6,"124":6,"125":21,"126":33,"127":21,"128":3,"129":3,"130":0,"131":3,"132":3,"133":3,"134":11,"135":6,"136":6,"137":5,"138":1},"b":{"1":[397,1],"2":[396,1],"3":[444,3],"4":[0,0],"5":[14,1],"6":[585,13],"7":[126,0],"8":[151,0],"9":[3,1],"10":[2,1],"11":[14,1],"12":[14,1],"13":[13,1],"14":[12,1],"15":[11,1],"16":[8,1],"17":[5,1],"18":[2,1],"19":[126,1],"20":[105,21],"21":[11,1],"22":[155,1],"23":[154,1],"24":[146,3],"25":[18,1],"26":[14,1],"27":[13,1],"28":[165,1],"29":[164,1],"30":[163,1],"31":[94,1],"32":[93,1],"33":[11,2],"34":[10,1],"35":[1,9],"36":[51,1],"37":[65,1],"38":[6,1],"39":[24,1],"40":[11,1],"41":[32,1],"42":[7,1],"43":[9,0],"44":[7,2],"45":[8,0],"46":[5,3],"47":[9,0],"48":[0,3],"49":[1,2],"50":[5,1],"51":[1,3],"52":[3,1]},"f":{"1":398,"2":447,"3":0,"4":15,"5":598,"6":277,"7":126,"8":151,"9":116,"10":3,"11":119,"12":14,"13":13,"14":5,"15":126,"16":11,"17":154,"18":18,"19":164,"20":94,"21":11,"22":5,"23":51,"24":6,"25":24,"26":26,"27":11,"28":32,"29":7,"30":9,"31":8,"32":9,"33":21,"34":33,"35":21,"36":3,"37":11,"38":6},"fnMap":{"1":{"name":"constructor","line":41,"loc":{"start":{"line":41,"column":4},"end":{"line":46,"column":4}}},"2":{"name":"nonZero","line":51,"loc":{"start":{"line":51,"column":4},"end":{"line":54,"column":4}}},"3":{"name":"nonEmptyBytesArray","line":59,"loc":{"start":{"line":59,"column":4},"end":{"line":62,"column":4}}},"4":{"name":"nonEmptyUintArray","line":67,"loc":{"start":{"line":67,"column":4},"end":{"line":70,"column":4}}},"5":{"name":"onlyInitiator","line":75,"loc":{"start":{"line":75,"column":4},"end":{"line":78,"column":4}}},"6":{"name":"_generateId","line":88,"loc":{"start":{"line":88,"column":4},"end":{"line":90,"column":4}}},"7":{"name":"_generateProjectId","line":96,"loc":{"start":{"line":96,"column":4},"end":{"line":99,"column":4}}},"8":{"name":"_generatePackageId","line":107,"loc":{"start":{"line":107,"column":4},"end":{"line":110,"column":4}}},"9":{"name":"_startProject","line":116,"loc":{"start":{"line":116,"column":4},"end":{"line":120,"column":4}}},"10":{"name":"updateTreasury","line":126,"loc":{"start":{"line":126,"column":4},"end":{"line":129,"column":4}}},"11":{"name":"_approveProject","line":131,"loc":{"start":{"line":131,"column":4},"end":{"line":134,"column":4}}},"12":{"name":"approveProject","line":140,"loc":{"start":{"line":140,"column":4},"end":{"line":142,"column":4}}},"13":{"name":"setBonusScores","line":156,"loc":{"start":{"line":151,"column":4},"end":{"line":168,"column":4}}},"14":{"name":"resolveDispute","line":196,"loc":{"start":{"line":191,"column":4},"end":{"line":202,"column":4}}},"15":{"name":"createProject","line":214,"loc":{"start":{"line":214,"column":4},"end":{"line":222,"column":4}}},"16":{"name":"startProject","line":228,"loc":{"start":{"line":228,"column":4},"end":{"line":230,"column":4}}},"17":{"name":"createPackage","line":246,"loc":{"start":{"line":240,"column":4},"end":{"line":258,"column":4}}},"18":{"name":"cancelPackage","line":265,"loc":{"start":{"line":260,"column":4},"end":{"line":279,"column":4}}},"19":{"name":"addCollaborator","line":293,"loc":{"start":{"line":288,"column":4},"end":{"line":298,"column":4}}},"20":{"name":"approveCollaborator","line":312,"loc":{"start":{"line":307,"column":4},"end":{"line":325,"column":4}}},"21":{"name":"removeCollaborator","line":332,"loc":{"start":{"line":327,"column":4},"end":{"line":343,"column":4}}},"22":{"name":"selfRemove","line":345,"loc":{"start":{"line":345,"column":4},"end":{"line":351,"column":4}}},"23":{"name":"addObserver","line":363,"loc":{"start":{"line":359,"column":4},"end":{"line":370,"column":4}}},"24":{"name":"removeObserver","line":382,"loc":{"start":{"line":378,"column":4},"end":{"line":389,"column":4}}},"25":{"name":"payMgp","line":395,"loc":{"start":{"line":391,"column":4},"end":{"line":397,"column":4}}},"26":{"name":"_payMgp","line":399,"loc":{"start":{"line":399,"column":4},"end":{"line":408,"column":4}}},"27":{"name":"payObserverFee","line":414,"loc":{"start":{"line":410,"column":4},"end":{"line":422,"column":4}}},"28":{"name":"finishPackage","line":428,"loc":{"start":{"line":428,"column":4},"end":{"line":432,"column":4}}},"29":{"name":"finishProject","line":438,"loc":{"start":{"line":438,"column":4},"end":{"line":441,"column":4}}},"30":{"name":"claimMgp","line":451,"loc":{"start":{"line":451,"column":4},"end":{"line":459,"column":4}}},"31":{"name":"claimBonus","line":466,"loc":{"start":{"line":466,"column":4},"end":{"line":476,"column":4}}},"32":{"name":"claimObserverFee","line":487,"loc":{"start":{"line":487,"column":4},"end":{"line":497,"column":4}}},"33":{"name":"getProjectData","line":503,"loc":{"start":{"line":503,"column":4},"end":{"line":505,"column":4}}},"34":{"name":"getPackageData","line":507,"loc":{"start":{"line":507,"column":4},"end":{"line":509,"column":4}}},"35":{"name":"getCollaboratorData","line":511,"loc":{"start":{"line":511,"column":4},"end":{"line":517,"column":4}}},"36":{"name":"getCollaboratorRewards","line":519,"loc":{"start":{"line":519,"column":4},"end":{"line":531,"column":4}}},"37":{"name":"getObserverData","line":533,"loc":{"start":{"line":533,"column":4},"end":{"line":539,"column":4}}},"38":{"name":"getObserverFee","line":541,"loc":{"start":{"line":541,"column":4},"end":{"line":551,"column":4}}}},"statementMap":{"1":{"start":{"line":42,"column":8},"end":{"line":42,"column":67}},"2":{"start":{"line":43,"column":8},"end":{"line":43,"column":75}},"3":{"start":{"line":52,"column":8},"end":{"line":52,"column":42}},"4":{"start":{"line":60,"column":8},"end":{"line":60,"column":48}},"5":{"start":{"line":68,"column":8},"end":{"line":68,"column":48}},"6":{"start":{"line":76,"column":8},"end":{"line":76,"column":98}},"7":{"start":{"line":89,"column":8},"end":{"line":89,"column":91}},"8":{"start":{"line":98,"column":8},"end":{"line":98,"column":80}},"9":{"start":{"line":109,"column":8},"end":{"line":109,"column":92}},"10":{"start":{"line":117,"column":8},"end":{"line":117,"column":60}},"11":{"start":{"line":118,"column":8},"end":{"line":118,"column":58}},"12":{"start":{"line":119,"column":8},"end":{"line":119,"column":52}},"13":{"start":{"line":127,"column":8},"end":{"line":127,"column":67}},"14":{"start":{"line":132,"column":8},"end":{"line":132,"column":48}},"15":{"start":{"line":133,"column":8},"end":{"line":133,"column":40}},"16":{"start":{"line":141,"column":8},"end":{"line":141,"column":34}},"17":{"start":{"line":157,"column":8},"end":{"line":157,"column":69}},"18":{"start":{"line":158,"column":8},"end":{"line":158,"column":81}},"19":{"start":{"line":159,"column":8},"end":{"line":159,"column":97}},"20":{"start":{"line":160,"column":8},"end":{"line":160,"column":33}},"21":{"start":{"line":161,"column":8},"end":{"line":161,"column":5919}},"22":{"start":{"line":162,"column":12},"end":{"line":162,"column":97}},"23":{"start":{"line":165,"column":8},"end":{"line":165,"column":82}},"24":{"start":{"line":166,"column":8},"end":{"line":166,"column":46}},"25":{"start":{"line":167,"column":8},"end":{"line":167,"column":76}},"26":{"start":{"line":197,"column":8},"end":{"line":197,"column":89}},"27":{"start":{"line":199,"column":8},"end":{"line":199,"column":7445}},"28":{"start":{"line":200,"column":12},"end":{"line":200,"column":57}},"29":{"start":{"line":215,"column":8},"end":{"line":215,"column":49}},"30":{"start":{"line":216,"column":8},"end":{"line":216,"column":62}},"31":{"start":{"line":217,"column":8},"end":{"line":217,"column":68}},"32":{"start":{"line":218,"column":8},"end":{"line":218,"column":8235}},"33":{"start":{"line":219,"column":12},"end":{"line":219,"column":38}},"34":{"start":{"line":220,"column":12},"end":{"line":220,"column":36}},"35":{"start":{"line":229,"column":8},"end":{"line":229,"column":32}},"36":{"start":{"line":247,"column":8},"end":{"line":247,"column":57}},"37":{"start":{"line":248,"column":8},"end":{"line":248,"column":38}},"38":{"start":{"line":249,"column":8},"end":{"line":249,"column":58}},"39":{"start":{"line":250,"column":8},"end":{"line":250,"column":47}},"40":{"start":{"line":251,"column":8},"end":{"line":251,"column":62}},"41":{"start":{"line":252,"column":8},"end":{"line":252,"column":69}},"42":{"start":{"line":253,"column":8},"end":{"line":253,"column":82}},"43":{"start":{"line":254,"column":8},"end":{"line":254,"column":9505}},"44":{"start":{"line":255,"column":12},"end":{"line":255,"column":83}},"45":{"start":{"line":257,"column":8},"end":{"line":257,"column":68}},"46":{"start":{"line":266,"column":8},"end":{"line":266,"column":69}},"47":{"start":{"line":267,"column":8},"end":{"line":267,"column":31}},"48":{"start":{"line":268,"column":8},"end":{"line":268,"column":99}},"49":{"start":{"line":269,"column":8},"end":{"line":269,"column":87}},"50":{"start":{"line":270,"column":8},"end":{"line":270,"column":10213}},"51":{"start":{"line":271,"column":12},"end":{"line":271,"column":60}},"52":{"start":{"line":273,"column":8},"end":{"line":273,"column":10348}},"53":{"start":{"line":274,"column":12},"end":{"line":274,"column":64}},"54":{"start":{"line":276,"column":8},"end":{"line":276,"column":35}},"55":{"start":{"line":278,"column":8},"end":{"line":278,"column":72}},"56":{"start":{"line":294,"column":8},"end":{"line":294,"column":77}},"57":{"start":{"line":295,"column":8},"end":{"line":295,"column":85}},"58":{"start":{"line":296,"column":8},"end":{"line":296,"column":76}},"59":{"start":{"line":297,"column":8},"end":{"line":297,"column":75}},"60":{"start":{"line":313,"column":8},"end":{"line":313,"column":99}},"61":{"start":{"line":314,"column":8},"end":{"line":314,"column":39}},"62":{"start":{"line":315,"column":8},"end":{"line":315,"column":12071}},"63":{"start":{"line":316,"column":12},"end":{"line":316,"column":46}},"64":{"start":{"line":318,"column":12},"end":{"line":318,"column":39}},"65":{"start":{"line":322,"column":8},"end":{"line":322,"column":79}},"66":{"start":{"line":324,"column":8},"end":{"line":324,"column":82}},"67":{"start":{"line":333,"column":8},"end":{"line":333,"column":102}},"68":{"start":{"line":335,"column":8},"end":{"line":335,"column":99}},"69":{"start":{"line":336,"column":8},"end":{"line":336,"column":12855}},"70":{"start":{"line":337,"column":12},"end":{"line":337,"column":56}},"71":{"start":{"line":338,"column":12},"end":{"line":338,"column":56}},"72":{"start":{"line":340,"column":12},"end":{"line":340,"column":39}},"73":{"start":{"line":346,"column":8},"end":{"line":346,"column":96}},"74":{"start":{"line":347,"column":8},"end":{"line":347,"column":39}},"75":{"start":{"line":348,"column":8},"end":{"line":348,"column":35}},"76":{"start":{"line":349,"column":8},"end":{"line":349,"column":118}},"77":{"start":{"line":364,"column":8},"end":{"line":364,"column":13930}},"78":{"start":{"line":365,"column":12},"end":{"line":365,"column":73}},"79":{"start":{"line":366,"column":12},"end":{"line":366,"column":77}},"80":{"start":{"line":367,"column":12},"end":{"line":367,"column":65}},"81":{"start":{"line":369,"column":8},"end":{"line":369,"column":62}},"82":{"start":{"line":383,"column":8},"end":{"line":383,"column":14641}},"83":{"start":{"line":384,"column":12},"end":{"line":384,"column":91}},"84":{"start":{"line":385,"column":12},"end":{"line":385,"column":37}},"85":{"start":{"line":386,"column":12},"end":{"line":386,"column":77}},"86":{"start":{"line":387,"column":12},"end":{"line":387,"column":36}},"87":{"start":{"line":396,"column":8},"end":{"line":396,"column":53}},"88":{"start":{"line":404,"column":8},"end":{"line":404,"column":91}},"89":{"start":{"line":405,"column":8},"end":{"line":405,"column":59}},"90":{"start":{"line":406,"column":8},"end":{"line":406,"column":59}},"91":{"start":{"line":407,"column":8},"end":{"line":407,"column":68}},"92":{"start":{"line":415,"column":8},"end":{"line":415,"column":74}},"93":{"start":{"line":417,"column":8},"end":{"line":417,"column":79}},"94":{"start":{"line":418,"column":8},"end":{"line":418,"column":69}},"95":{"start":{"line":419,"column":8},"end":{"line":419,"column":55}},"96":{"start":{"line":421,"column":8},"end":{"line":421,"column":72}},"97":{"start":{"line":429,"column":8},"end":{"line":429,"column":82}},"98":{"start":{"line":430,"column":8},"end":{"line":430,"column":58}},"99":{"start":{"line":431,"column":8},"end":{"line":431,"column":65}},"100":{"start":{"line":439,"column":8},"end":{"line":439,"column":55}},"101":{"start":{"line":440,"column":8},"end":{"line":440,"column":40}},"102":{"start":{"line":452,"column":8},"end":{"line":452,"column":42}},"103":{"start":{"line":453,"column":8},"end":{"line":453,"column":97}},"104":{"start":{"line":454,"column":8},"end":{"line":454,"column":99}},"105":{"start":{"line":455,"column":8},"end":{"line":455,"column":50}},"106":{"start":{"line":456,"column":8},"end":{"line":456,"column":61}},"107":{"start":{"line":457,"column":8},"end":{"line":457,"column":59}},"108":{"start":{"line":458,"column":8},"end":{"line":458,"column":65}},"109":{"start":{"line":467,"column":8},"end":{"line":467,"column":42}},"110":{"start":{"line":468,"column":8},"end":{"line":468,"column":97}},"111":{"start":{"line":469,"column":8},"end":{"line":469,"column":99}},"112":{"start":{"line":470,"column":8},"end":{"line":470,"column":33}},"113":{"start":{"line":471,"column":8},"end":{"line":471,"column":69}},"114":{"start":{"line":472,"column":8},"end":{"line":472,"column":91}},"115":{"start":{"line":473,"column":8},"end":{"line":473,"column":35}},"116":{"start":{"line":474,"column":8},"end":{"line":474,"column":59}},"117":{"start":{"line":475,"column":8},"end":{"line":475,"column":70}},"118":{"start":{"line":488,"column":8},"end":{"line":488,"column":38}},"119":{"start":{"line":489,"column":8},"end":{"line":489,"column":83}},"120":{"start":{"line":490,"column":8},"end":{"line":490,"column":35}},"121":{"start":{"line":492,"column":8},"end":{"line":492,"column":79}},"122":{"start":{"line":493,"column":8},"end":{"line":493,"column":69}},"123":{"start":{"line":494,"column":8},"end":{"line":494,"column":55}},"124":{"start":{"line":496,"column":8},"end":{"line":496,"column":72}},"125":{"start":{"line":504,"column":8},"end":{"line":504,"column":38}},"126":{"start":{"line":508,"column":8},"end":{"line":508,"column":52}},"127":{"start":{"line":516,"column":8},"end":{"line":516,"column":70}},"128":{"start":{"line":524,"column":8},"end":{"line":524,"column":68}},"129":{"start":{"line":525,"column":8},"end":{"line":525,"column":51}},"130":{"start":{"line":525,"column":38},"end":{"line":525,"column":51}},"131":{"start":{"line":526,"column":8},"end":{"line":526,"column":98}},"132":{"start":{"line":527,"column":8},"end":{"line":527,"column":20566}},"133":{"start":{"line":530,"column":8},"end":{"line":530,"column":40}},"134":{"start":{"line":538,"column":8},"end":{"line":538,"column":62}},"135":{"start":{"line":546,"column":8},"end":{"line":546,"column":82}},"136":{"start":{"line":547,"column":8},"end":{"line":547,"column":21231}},"137":{"start":{"line":548,"column":12},"end":{"line":548,"column":20}},"138":{"start":{"line":550,"column":8},"end":{"line":550,"column":68}}},"branchMap":{"1":{"line":42,"type":"if","locations":[{"start":{"line":42,"column":8},"end":{"line":42,"column":8}},{"start":{"line":42,"column":8},"end":{"line":42,"column":8}}]},"2":{"line":43,"type":"if","locations":[{"start":{"line":43,"column":8},"end":{"line":43,"column":8}},{"start":{"line":43,"column":8},"end":{"line":43,"column":8}}]},"3":{"line":52,"type":"if","locations":[{"start":{"line":52,"column":8},"end":{"line":52,"column":8}},{"start":{"line":52,"column":8},"end":{"line":52,"column":8}}]},"4":{"line":60,"type":"if","locations":[{"start":{"line":60,"column":8},"end":{"line":60,"column":8}},{"start":{"line":60,"column":8},"end":{"line":60,"column":8}}]},"5":{"line":68,"type":"if","locations":[{"start":{"line":68,"column":8},"end":{"line":68,"column":8}},{"start":{"line":68,"column":8},"end":{"line":68,"column":8}}]},"6":{"line":76,"type":"if","locations":[{"start":{"line":76,"column":8},"end":{"line":76,"column":8}},{"start":{"line":76,"column":8},"end":{"line":76,"column":8}}]},"7":{"line":98,"type":"if","locations":[{"start":{"line":98,"column":8},"end":{"line":98,"column":8}},{"start":{"line":98,"column":8},"end":{"line":98,"column":8}}]},"8":{"line":109,"type":"if","locations":[{"start":{"line":109,"column":8},"end":{"line":109,"column":8}},{"start":{"line":109,"column":8},"end":{"line":109,"column":8}}]},"9":{"line":126,"type":"if","locations":[{"start":{"line":126,"column":56},"end":{"line":126,"column":56}},{"start":{"line":126,"column":56},"end":{"line":126,"column":56}}]},"10":{"line":127,"type":"if","locations":[{"start":{"line":127,"column":8},"end":{"line":127,"column":8}},{"start":{"line":127,"column":8},"end":{"line":127,"column":8}}]},"11":{"line":140,"type":"if","locations":[{"start":{"line":140,"column":57},"end":{"line":140,"column":57}},{"start":{"line":140,"column":57},"end":{"line":140,"column":57}}]},"12":{"line":156,"type":"if","locations":[{"start":{"line":156,"column":15},"end":{"line":156,"column":15}},{"start":{"line":156,"column":15},"end":{"line":156,"column":15}}]},"13":{"line":156,"type":"if","locations":[{"start":{"line":156,"column":42},"end":{"line":156,"column":42}},{"start":{"line":156,"column":42},"end":{"line":156,"column":42}}]},"14":{"line":158,"type":"if","locations":[{"start":{"line":158,"column":8},"end":{"line":158,"column":8}},{"start":{"line":158,"column":8},"end":{"line":158,"column":8}}]},"15":{"line":159,"type":"if","locations":[{"start":{"line":159,"column":8},"end":{"line":159,"column":8}},{"start":{"line":159,"column":8},"end":{"line":159,"column":8}}]},"16":{"line":165,"type":"if","locations":[{"start":{"line":165,"column":8},"end":{"line":165,"column":8}},{"start":{"line":165,"column":8},"end":{"line":165,"column":8}}]},"17":{"line":196,"type":"if","locations":[{"start":{"line":196,"column":15},"end":{"line":196,"column":15}},{"start":{"line":196,"column":15},"end":{"line":196,"column":15}}]},"18":{"line":199,"type":"if","locations":[{"start":{"line":199,"column":8},"end":{"line":199,"column":8}},{"start":{"line":199,"column":8},"end":{"line":199,"column":8}}]},"19":{"line":214,"type":"if","locations":[{"start":{"line":214,"column":69},"end":{"line":214,"column":69}},{"start":{"line":214,"column":69},"end":{"line":214,"column":69}}]},"20":{"line":218,"type":"if","locations":[{"start":{"line":218,"column":8},"end":{"line":218,"column":8}},{"start":{"line":218,"column":8},"end":{"line":218,"column":8}}]},"21":{"line":228,"type":"if","locations":[{"start":{"line":228,"column":55},"end":{"line":228,"column":55}},{"start":{"line":228,"column":55},"end":{"line":228,"column":55}}]},"22":{"line":246,"type":"if","locations":[{"start":{"line":246,"column":15},"end":{"line":246,"column":15}},{"start":{"line":246,"column":15},"end":{"line":246,"column":15}}]},"23":{"line":246,"type":"if","locations":[{"start":{"line":246,"column":41},"end":{"line":246,"column":41}},{"start":{"line":246,"column":41},"end":{"line":246,"column":41}}]},"24":{"line":254,"type":"if","locations":[{"start":{"line":254,"column":8},"end":{"line":254,"column":8}},{"start":{"line":254,"column":8},"end":{"line":254,"column":8}}]},"25":{"line":265,"type":"if","locations":[{"start":{"line":265,"column":15},"end":{"line":265,"column":15}},{"start":{"line":265,"column":15},"end":{"line":265,"column":15}}]},"26":{"line":268,"type":"if","locations":[{"start":{"line":268,"column":8},"end":{"line":268,"column":8}},{"start":{"line":268,"column":8},"end":{"line":268,"column":8}}]},"27":{"line":269,"type":"if","locations":[{"start":{"line":269,"column":8},"end":{"line":269,"column":8}},{"start":{"line":269,"column":8},"end":{"line":269,"column":8}}]},"28":{"line":293,"type":"if","locations":[{"start":{"line":293,"column":15},"end":{"line":293,"column":15}},{"start":{"line":293,"column":15},"end":{"line":293,"column":15}}]},"29":{"line":293,"type":"if","locations":[{"start":{"line":293,"column":41},"end":{"line":293,"column":41}},{"start":{"line":293,"column":41},"end":{"line":293,"column":41}}]},"30":{"line":294,"type":"if","locations":[{"start":{"line":294,"column":8},"end":{"line":294,"column":8}},{"start":{"line":294,"column":8},"end":{"line":294,"column":8}}]},"31":{"line":312,"type":"if","locations":[{"start":{"line":312,"column":15},"end":{"line":312,"column":15}},{"start":{"line":312,"column":15},"end":{"line":312,"column":15}}]},"32":{"line":315,"type":"if","locations":[{"start":{"line":315,"column":8},"end":{"line":315,"column":8}},{"start":{"line":315,"column":8},"end":{"line":315,"column":8}}]},"33":{"line":332,"type":"if","locations":[{"start":{"line":332,"column":15},"end":{"line":332,"column":15}},{"start":{"line":332,"column":15},"end":{"line":332,"column":15}}]},"34":{"line":333,"type":"if","locations":[{"start":{"line":333,"column":8},"end":{"line":333,"column":8}},{"start":{"line":333,"column":8},"end":{"line":333,"column":8}}]},"35":{"line":336,"type":"if","locations":[{"start":{"line":336,"column":8},"end":{"line":336,"column":8}},{"start":{"line":336,"column":8},"end":{"line":336,"column":8}}]},"36":{"line":363,"type":"if","locations":[{"start":{"line":363,"column":15},"end":{"line":363,"column":15}},{"start":{"line":363,"column":15},"end":{"line":363,"column":15}}]},"37":{"line":365,"type":"if","locations":[{"start":{"line":365,"column":12},"end":{"line":365,"column":12}},{"start":{"line":365,"column":12},"end":{"line":365,"column":12}}]},"38":{"line":382,"type":"if","locations":[{"start":{"line":382,"column":15},"end":{"line":382,"column":15}},{"start":{"line":382,"column":15},"end":{"line":382,"column":15}}]},"39":{"line":395,"type":"if","locations":[{"start":{"line":395,"column":13},"end":{"line":395,"column":13}},{"start":{"line":395,"column":13},"end":{"line":395,"column":13}}]},"40":{"line":414,"type":"if","locations":[{"start":{"line":414,"column":13},"end":{"line":414,"column":13}},{"start":{"line":414,"column":13},"end":{"line":414,"column":13}}]},"41":{"line":428,"type":"if","locations":[{"start":{"line":428,"column":76},"end":{"line":428,"column":76}},{"start":{"line":428,"column":76},"end":{"line":428,"column":76}}]},"42":{"line":438,"type":"if","locations":[{"start":{"line":438,"column":56},"end":{"line":438,"column":56}},{"start":{"line":438,"column":56},"end":{"line":438,"column":56}}]},"43":{"line":451,"type":"if","locations":[{"start":{"line":451,"column":69},"end":{"line":451,"column":69}},{"start":{"line":451,"column":69},"end":{"line":451,"column":69}}]},"44":{"line":453,"type":"if","locations":[{"start":{"line":453,"column":8},"end":{"line":453,"column":8}},{"start":{"line":453,"column":8},"end":{"line":453,"column":8}}]},"45":{"line":466,"type":"if","locations":[{"start":{"line":466,"column":73},"end":{"line":466,"column":73}},{"start":{"line":466,"column":73},"end":{"line":466,"column":73}}]},"46":{"line":468,"type":"if","locations":[{"start":{"line":468,"column":8},"end":{"line":468,"column":8}},{"start":{"line":468,"column":8},"end":{"line":468,"column":8}}]},"47":{"line":487,"type":"if","locations":[{"start":{"line":487,"column":79},"end":{"line":487,"column":79}},{"start":{"line":487,"column":79},"end":{"line":487,"column":79}}]},"48":{"line":525,"type":"if","locations":[{"start":{"line":525,"column":8},"end":{"line":525,"column":8}},{"start":{"line":525,"column":8},"end":{"line":525,"column":8}}]},"49":{"line":528,"type":"if","locations":[{"start":{"line":528,"column":14},"end":{"line":528,"column":46}},{"start":{"line":529,"column":14},"end":{"line":529,"column":70}}]},"50":{"line":547,"type":"if","locations":[{"start":{"line":547,"column":8},"end":{"line":547,"column":8}},{"start":{"line":547,"column":8},"end":{"line":547,"column":8}}]},"51":{"line":547,"type":"cond-expr","locations":[{"start":{"line":547,"column":12},"end":{"line":547,"column":32}},{"start":{"line":547,"column":37},"end":{"line":547,"column":61}}]},"52":{"line":547,"type":"cond-expr","locations":[{"start":{"line":547,"column":12},"end":{"line":547,"column":61}},{"start":{"line":547,"column":66},"end":{"line":547,"column":83}}]}}},"contracts\\TokenFactory.sol":{"l":{"15":132,"26":9,"27":9,"28":9,"29":9},"path":"D:\\Projects\\Pioneer\\buildsmartcontract\\contracts\\TokenFactory.sol","s":{"1":9,"2":9,"3":9},"b":{"1":[132,0],"2":[9,0],"3":[9,0]},"f":{"1":132,"2":9},"fnMap":{"1":{"name":"setReBakedDao","line":13,"loc":{"start":{"line":11,"column":1},"end":{"line":16,"column":1}}},"2":{"name":"deployToken","line":22,"loc":{"start":{"line":22,"column":1},"end":{"line":30,"column":1}}}},"statementMap":{"1":{"start":{"line":26,"column":2},"end":{"line":26,"column":67}},"2":{"start":{"line":27,"column":2},"end":{"line":27,"column":81}},"3":{"start":{"line":29,"column":2},"end":{"line":29,"column":42}}},"branchMap":{"1":{"line":13,"type":"if","locations":[{"start":{"line":13,"column":2},"end":{"line":13,"column":2}},{"start":{"line":13,"column":2},"end":{"line":13,"column":2}}]},"2":{"line":26,"type":"if","locations":[{"start":{"line":26,"column":2},"end":{"line":26,"column":2}},{"start":{"line":26,"column":2},"end":{"line":26,"column":2}}]},"3":{"line":27,"type":"if","locations":[{"start":{"line":27,"column":2},"end":{"line":27,"column":2}},{"start":{"line":27,"column":2},"end":{"line":27,"column":2}}]}}}}